{"C:\\Users\\child\\Projects\\my-BuddyCart\\BuddyCart\\server\\app.js": {"path":"C:\\Users\\child\\Projects\\my-BuddyCart\\BuddyCart\\server\\app.js","statementMap":{"0":{"start":{"line":1,"column":0},"end":{"line":1,"column":24}},"1":{"start":{"line":2,"column":0},"end":{"line":2,"column":16}},"2":{"start":{"line":4,"column":16},"end":{"line":4,"column":34}},"3":{"start":{"line":5,"column":13},"end":{"line":5,"column":28}},"4":{"start":{"line":7,"column":12},"end":{"line":7,"column":21}},"5":{"start":{"line":10,"column":23},"end":{"line":15,"column":1}},"6":{"start":{"line":18,"column":20},"end":{"line":30,"column":1}},"7":{"start":{"line":21,"column":4},"end":{"line":21,"column":39}},"8":{"start":{"line":21,"column":17},"end":{"line":21,"column":39}},"9":{"start":{"line":22,"column":4},"end":{"line":22,"column":63}},"10":{"start":{"line":22,"column":41},"end":{"line":22,"column":63}},"11":{"start":{"line":23,"column":4},"end":{"line":23,"column":27}},"12":{"start":{"line":33,"column":0},"end":{"line":33,"column":27}},"13":{"start":{"line":36,"column":0},"end":{"line":36,"column":25}},"14":{"start":{"line":39,"column":0},"end":{"line":39,"column":56}},"15":{"start":{"line":40,"column":0},"end":{"line":40,"column":77}},"16":{"start":{"line":41,"column":0},"end":{"line":41,"column":61}},"17":{"start":{"line":42,"column":0},"end":{"line":42,"column":54}},"18":{"start":{"line":43,"column":0},"end":{"line":43,"column":62}},"19":{"start":{"line":44,"column":0},"end":{"line":44,"column":56}},"20":{"start":{"line":45,"column":0},"end":{"line":45,"column":58}},"21":{"start":{"line":47,"column":20},"end":{"line":47,"column":52}},"22":{"start":{"line":48,"column":0},"end":{"line":48,"column":29}},"23":{"start":{"line":50,"column":0},"end":{"line":50,"column":65}},"24":{"start":{"line":50,"column":27},"end":{"line":50,"column":63}},"25":{"start":{"line":51,"column":0},"end":{"line":51,"column":74}},"26":{"start":{"line":51,"column":34},"end":{"line":51,"column":72}},"27":{"start":{"line":53,"column":17},"end":{"line":53,"column":36}},"28":{"start":{"line":54,"column":0},"end":{"line":56,"column":3}},"29":{"start":{"line":55,"column":2},"end":{"line":55,"column":59}},"30":{"start":{"line":58,"column":0},"end":{"line":63,"column":3}},"31":{"start":{"line":59,"column":2},"end":{"line":62,"column":5}},"32":{"start":{"line":65,"column":0},"end":{"line":75,"column":3}},"33":{"start":{"line":66,"column":14},"end":{"line":66,"column":41}},"34":{"start":{"line":67,"column":17},"end":{"line":67,"column":61}},"35":{"start":{"line":68,"column":12},"end":{"line":68,"column":66}},"36":{"start":{"line":69,"column":2},"end":{"line":74,"column":5}},"37":{"start":{"line":77,"column":0},"end":{"line":77,"column":33}},"38":{"start":{"line":79,"column":0},"end":{"line":79,"column":21}}},"fnMap":{"0":{"name":"(anonymous_0)","decl":{"start":{"line":19,"column":2},"end":{"line":19,"column":8}},"loc":{"start":{"line":19,"column":21},"end":{"line":24,"column":3}},"line":19},"1":{"name":"(anonymous_1)","decl":{"start":{"line":50,"column":13},"end":{"line":50,"column":14}},"loc":{"start":{"line":50,"column":27},"end":{"line":50,"column":63}},"line":50},"2":{"name":"(anonymous_2)","decl":{"start":{"line":51,"column":20},"end":{"line":51,"column":21}},"loc":{"start":{"line":51,"column":34},"end":{"line":51,"column":72}},"line":51},"3":{"name":"(anonymous_3)","decl":{"start":{"line":54,"column":16},"end":{"line":54,"column":17}},"loc":{"start":{"line":54,"column":30},"end":{"line":56,"column":1}},"line":54},"4":{"name":"(anonymous_4)","decl":{"start":{"line":58,"column":17},"end":{"line":58,"column":18}},"loc":{"start":{"line":58,"column":31},"end":{"line":63,"column":1}},"line":58},"5":{"name":"(anonymous_5)","decl":{"start":{"line":65,"column":22},"end":{"line":65,"column":23}},"loc":{"start":{"line":65,"column":36},"end":{"line":75,"column":1}},"line":65}},"branchMap":{"0":{"loc":{"start":{"line":21,"column":4},"end":{"line":21,"column":39}},"type":"if","locations":[{"start":{"line":21,"column":4},"end":{"line":21,"column":39}},{"start":{},"end":{}}],"line":21},"1":{"loc":{"start":{"line":22,"column":4},"end":{"line":22,"column":63}},"type":"if","locations":[{"start":{"line":22,"column":4},"end":{"line":22,"column":63}},{"start":{},"end":{}}],"line":22},"2":{"loc":{"start":{"line":66,"column":14},"end":{"line":66,"column":41}},"type":"binary-expr","locations":[{"start":{"line":66,"column":14},"end":{"line":66,"column":35}},{"start":{"line":66,"column":39},"end":{"line":66,"column":41}}],"line":66},"3":{"loc":{"start":{"line":72,"column":10},"end":{"line":72,"column":25}},"type":"cond-expr","locations":[{"start":{"line":72,"column":14},"end":{"line":72,"column":18}},{"start":{"line":72,"column":21},"end":{"line":72,"column":25}}],"line":72},"4":{"loc":{"start":{"line":73,"column":12},"end":{"line":73,"column":41}},"type":"cond-expr","locations":[{"start":{"line":73,"column":17},"end":{"line":73,"column":33}},{"start":{"line":73,"column":37},"end":{"line":73,"column":41}}],"line":73},"5":{"loc":{"start":{"line":73,"column":17},"end":{"line":73,"column":33}},"type":"binary-expr","locations":[{"start":{"line":73,"column":17},"end":{"line":73,"column":21}},{"start":{"line":73,"column":25},"end":{"line":73,"column":33}}],"line":73}},"s":{"0":2,"1":2,"2":2,"3":2,"4":2,"5":2,"6":2,"7":6,"8":6,"9":0,"10":0,"11":0,"12":2,"13":2,"14":2,"15":2,"16":2,"17":2,"18":2,"19":2,"20":2,"21":2,"22":2,"23":2,"24":0,"25":2,"26":0,"27":2,"28":2,"29":0,"30":2,"31":0,"32":2,"33":0,"34":0,"35":0,"36":0,"37":2,"38":2},"f":{"0":6,"1":0,"2":0,"3":0,"4":0,"5":0},"b":{"0":[6,0],"1":[0,0],"2":[0,0],"3":[0,0],"4":[0,0],"5":[0,0]},"meta":{"lastBranch":6,"lastFunction":6,"lastStatement":39,"seen":{"s:1:0:1:24":0,"s:2:0:2:16":1,"s:4:16:4:34":2,"s:5:13:5:28":3,"s:7:12:7:21":4,"s:10:23:15:1":5,"s:18:20:30:1":6,"f:19:2:19:8":0,"b:21:4:21:39:undefined:undefined:undefined:undefined":0,"s:21:4:21:39":7,"s:21:17:21:39":8,"b:22:4:22:63:undefined:undefined:undefined:undefined":1,"s:22:4:22:63":9,"s:22:41:22:63":10,"s:23:4:23:27":11,"s:33:0:33:27":12,"s:36:0:36:25":13,"s:39:0:39:56":14,"s:40:0:40:77":15,"s:41:0:41:61":16,"s:42:0:42:54":17,"s:43:0:43:62":18,"s:44:0:44:56":19,"s:45:0:45:58":20,"s:47:20:47:52":21,"s:48:0:48:29":22,"s:50:0:50:65":23,"f:50:13:50:14":1,"s:50:27:50:63":24,"s:51:0:51:74":25,"f:51:20:51:21":2,"s:51:34:51:72":26,"s:53:17:53:36":27,"s:54:0:56:3":28,"f:54:16:54:17":3,"s:55:2:55:59":29,"s:58:0:63:3":30,"f:58:17:58:18":4,"s:59:2:62:5":31,"s:65:0:75:3":32,"f:65:22:65:23":5,"s:66:14:66:41":33,"b:66:14:66:35:66:39:66:41":2,"s:67:17:67:61":34,"s:68:12:68:66":35,"s:69:2:74:5":36,"b:72:14:72:18:72:21:72:25":3,"b:73:17:73:33:73:37:73:41":4,"b:73:17:73:21:73:25:73:33":5,"s:77:0:77:33":37,"s:79:0:79:21":38}}}
,"C:\\Users\\child\\Projects\\my-BuddyCart\\BuddyCart\\server\\config\\db.js": {"path":"C:\\Users\\child\\Projects\\my-BuddyCart\\BuddyCart\\server\\config\\db.js","statementMap":{"0":{"start":{"line":2,"column":17},"end":{"line":2,"column":null}},"1":{"start":{"line":4,"column":18},"end":{"line":4,"column":null}},"2":{"start":{"line":6,"column":0},"end":{"line":8,"column":null}},"3":{"start":{"line":7,"column":2},"end":{"line":7,"column":null}},"4":{"start":{"line":10,"column":0},"end":{"line":10,"column":null}},"5":{"start":{"line":12,"column":0},"end":{"line":14,"column":null}},"6":{"start":{"line":13,"column":2},"end":{"line":13,"column":null}},"7":{"start":{"line":16,"column":0},"end":{"line":18,"column":null}},"8":{"start":{"line":17,"column":2},"end":{"line":17,"column":null}},"9":{"start":{"line":20,"column":0},"end":{"line":22,"column":null}},"10":{"start":{"line":21,"column":2},"end":{"line":21,"column":null}},"11":{"start":{"line":25,"column":2},"end":{"line":25,"column":null}},"12":{"start":{"line":26,"column":2},"end":{"line":26,"column":null}},"13":{"start":{"line":28,"column":2},"end":{"line":30,"column":null}},"14":{"start":{"line":34,"column":2},"end":{"line":34,"column":null}},"15":{"start":{"line":35,"column":2},"end":{"line":35,"column":null}},"16":{"start":{"line":39,"column":0},"end":{"line":39,"column":null}}},"fnMap":{"0":{"name":"(anonymous_0)","decl":{"start":{"line":12,"column":36},"end":{"line":12,"column":42}},"loc":{"start":{"line":12,"column":42},"end":{"line":14,"column":1}},"line":12},"1":{"name":"(anonymous_1)","decl":{"start":{"line":16,"column":32},"end":{"line":16,"column":33}},"loc":{"start":{"line":16,"column":41},"end":{"line":18,"column":1}},"line":16},"2":{"name":"(anonymous_2)","decl":{"start":{"line":20,"column":39},"end":{"line":20,"column":45}},"loc":{"start":{"line":20,"column":45},"end":{"line":22,"column":1}},"line":20},"3":{"name":"connectDB","decl":{"start":{"line":24,"column":15},"end":{"line":24,"column":27}},"loc":{"start":{"line":24,"column":27},"end":{"line":31,"column":null}},"line":24},"4":{"name":"disconnectDB","decl":{"start":{"line":33,"column":15},"end":{"line":33,"column":30}},"loc":{"start":{"line":33,"column":30},"end":{"line":36,"column":null}},"line":33}},"branchMap":{"0":{"loc":{"start":{"line":4,"column":18},"end":{"line":4,"column":null}},"type":"binary-expr","locations":[{"start":{"line":4,"column":18},"end":{"line":4,"column":43}},{"start":{"line":4,"column":43},"end":{"line":4,"column":null}}],"line":4},"1":{"loc":{"start":{"line":6,"column":0},"end":{"line":8,"column":null}},"type":"if","locations":[{"start":{"line":6,"column":0},"end":{"line":8,"column":null}},{"start":{},"end":{}}],"line":6}},"s":{"0":2,"1":2,"2":2,"3":0,"4":2,"5":2,"6":2,"7":2,"8":0,"9":2,"10":2,"11":2,"12":2,"13":2,"14":2,"15":2,"16":2},"f":{"0":2,"1":0,"2":2,"3":2,"4":2},"b":{"0":[2,0],"1":[0,2]},"meta":{"lastBranch":2,"lastFunction":5,"lastStatement":17,"seen":{"s:2:17:2:Infinity":0,"s:4:18:4:Infinity":1,"b:4:18:4:43:4:43:4:Infinity":0,"b:6:0:8:Infinity:undefined:undefined:undefined:undefined":1,"s:6:0:8:Infinity":2,"s:7:2:7:Infinity":3,"s:10:0:10:Infinity":4,"s:12:0:14:Infinity":5,"f:12:36:12:42":0,"s:13:2:13:Infinity":6,"s:16:0:18:Infinity":7,"f:16:32:16:33":1,"s:17:2:17:Infinity":8,"s:20:0:22:Infinity":9,"f:20:39:20:45":2,"s:21:2:21:Infinity":10,"f:24:15:24:27":3,"s:25:2:25:Infinity":11,"s:26:2:26:Infinity":12,"s:28:2:30:Infinity":13,"f:33:15:33:30":4,"s:34:2:34:Infinity":14,"s:35:2:35:Infinity":15,"s:39:0:39:Infinity":16}}}
,"C:\\Users\\child\\Projects\\my-BuddyCart\\BuddyCart\\server\\config\\env.js": {"path":"C:\\Users\\child\\Projects\\my-BuddyCart\\BuddyCart\\server\\config\\env.js","statementMap":{"0":{"start":{"line":1,"column":13},"end":{"line":1,"column":null}},"1":{"start":{"line":2,"column":11},"end":{"line":2,"column":null}},"2":{"start":{"line":5,"column":10},"end":{"line":5,"column":null}},"3":{"start":{"line":7,"column":14},"end":{"line":7,"column":null}},"4":{"start":{"line":9,"column":0},"end":{"line":11,"column":null}},"5":{"start":{"line":12,"column":0},"end":{"line":12,"column":null}}},"fnMap":{},"branchMap":{"0":{"loc":{"start":{"line":5,"column":10},"end":{"line":5,"column":null}},"type":"binary-expr","locations":[{"start":{"line":5,"column":10},"end":{"line":5,"column":32}},{"start":{"line":5,"column":32},"end":{"line":5,"column":null}}],"line":5},"1":{"loc":{"start":{"line":7,"column":14},"end":{"line":7,"column":null}},"type":"cond-expr","locations":[{"start":{"line":7,"column":27},"end":{"line":7,"column":39}},{"start":{"line":7,"column":39},"end":{"line":7,"column":null}}],"line":7}},"s":{"0":2,"1":2,"2":2,"3":2,"4":2,"5":2},"f":{},"b":{"0":[2,0],"1":[2,0]},"meta":{"lastBranch":2,"lastFunction":0,"lastStatement":6,"seen":{"s:1:13:1:Infinity":0,"s:2:11:2:Infinity":1,"s:5:10:5:Infinity":2,"b:5:10:5:32:5:32:5:Infinity":0,"s:7:14:7:Infinity":3,"b:7:27:7:39:7:39:7:Infinity":1,"s:9:0:11:Infinity":4,"s:12:0:12:Infinity":5}}}
,"C:\\Users\\child\\Projects\\my-BuddyCart\\BuddyCart\\server\\config\\index.js": {"path":"C:\\Users\\child\\Projects\\my-BuddyCart\\BuddyCart\\server\\config\\index.js","statementMap":{"0":{"start":{"line":2,"column":16},"end":{"line":2,"column":34}},"1":{"start":{"line":6,"column":15},"end":{"line":6,"column":32}},"2":{"start":{"line":10,"column":21},"end":{"line":10,"column":45}},"3":{"start":{"line":14,"column":13},"end":{"line":14,"column":28}},"4":{"start":{"line":16,"column":21},"end":{"line":16,"column":66}},"5":{"start":{"line":19,"column":0},"end":{"line":39,"column":2}},"6":{"start":{"line":22,"column":2},"end":{"line":22,"column":28}},"7":{"start":{"line":25,"column":2},"end":{"line":30,"column":4}},"8":{"start":{"line":33,"column":2},"end":{"line":33,"column":25}},"9":{"start":{"line":36,"column":2},"end":{"line":36,"column":26}},"10":{"start":{"line":37,"column":2},"end":{"line":37,"column":51}},"11":{"start":{"line":38,"column":2},"end":{"line":38,"column":26}}},"fnMap":{"0":{"name":"(anonymous_0)","decl":{"start":{"line":19,"column":17},"end":{"line":19,"column":18}},"loc":{"start":{"line":19,"column":26},"end":{"line":39,"column":1}},"line":19}},"branchMap":{"0":{"loc":{"start":{"line":16,"column":21},"end":{"line":16,"column":66}},"type":"binary-expr","locations":[{"start":{"line":16,"column":21},"end":{"line":16,"column":39}},{"start":{"line":16,"column":43},"end":{"line":16,"column":66}}],"line":16}},"s":{"0":2,"1":2,"2":2,"3":2,"4":2,"5":2,"6":2,"7":2,"8":2,"9":2,"10":2,"11":2},"f":{"0":2},"b":{"0":[2,2]},"meta":{"lastBranch":1,"lastFunction":1,"lastStatement":12,"seen":{"s:2:16:2:34":0,"s:6:15:6:32":1,"s:10:21:10:45":2,"s:14:13:14:28":3,"s:16:21:16:66":4,"b:16:21:16:39:16:43:16:66":0,"s:19:0:39:2":5,"f:19:17:19:18":0,"s:22:2:22:28":6,"s:25:2:30:4":7,"s:33:2:33:25":8,"s:36:2:36:26":9,"s:37:2:37:51":10,"s:38:2:38:26":11}}}
,"C:\\Users\\child\\Projects\\my-BuddyCart\\BuddyCart\\server\\controllers\\admin.control.js": {"path":"C:\\Users\\child\\Projects\\my-BuddyCart\\BuddyCart\\server\\controllers\\admin.control.js","statementMap":{"0":{"start":{"line":1,"column":20},"end":{"line":1,"column":50}},"1":{"start":{"line":2,"column":16},"end":{"line":2,"column":50}},"2":{"start":{"line":7,"column":19},"end":{"line":55,"column":1}},"3":{"start":{"line":8,"column":4},"end":{"line":54,"column":5}},"4":{"start":{"line":9,"column":20},"end":{"line":9,"column":54}},"5":{"start":{"line":10,"column":19},"end":{"line":10,"column":50}},"6":{"start":{"line":12,"column":29},"end":{"line":12,"column":58}},"7":{"start":{"line":13,"column":8},"end":{"line":13,"column":105}},"8":{"start":{"line":13,"column":29},"end":{"line":13,"column":104}},"9":{"start":{"line":15,"column":26},"end":{"line":43,"column":7}},"10":{"start":{"line":15,"column":57},"end":{"line":37,"column":9}},"11":{"start":{"line":38,"column":8},"end":{"line":42,"column":7}},"12":{"start":{"line":44,"column":20},"end":{"line":44,"column":72}},"13":{"start":{"line":45,"column":5},"end":{"line":50,"column":7}},"14":{"start":{"line":52,"column":9},"end":{"line":52,"column":60}},"15":{"start":{"line":53,"column":9},"end":{"line":53,"column":19}},"16":{"start":{"line":58,"column":24},"end":{"line":69,"column":1}},"17":{"start":{"line":59,"column":4},"end":{"line":68,"column":5}},"18":{"start":{"line":60,"column":19},"end":{"line":60,"column":47}},"19":{"start":{"line":61,"column":6},"end":{"line":64,"column":8}},"20":{"start":{"line":66,"column":8},"end":{"line":66,"column":60}},"21":{"start":{"line":67,"column":8},"end":{"line":67,"column":17}},"22":{"start":{"line":70,"column":0},"end":{"line":70,"column":null}}},"fnMap":{"0":{"name":"(anonymous_0)","decl":{"start":{"line":7,"column":19},"end":{"line":7,"column":24}},"loc":{"start":{"line":7,"column":41},"end":{"line":55,"column":1}},"line":7},"1":{"name":"(anonymous_1)","decl":{"start":{"line":15,"column":39},"end":{"line":15,"column":40}},"loc":{"start":{"line":15,"column":44},"end":{"line":43,"column":6}},"line":15},"2":{"name":"(anonymous_2)","decl":{"start":{"line":58,"column":24},"end":{"line":58,"column":29}},"loc":{"start":{"line":58,"column":46},"end":{"line":69,"column":1}},"line":58}},"branchMap":{"0":{"loc":{"start":{"line":9,"column":29},"end":{"line":9,"column":53}},"type":"binary-expr","locations":[{"start":{"line":9,"column":29},"end":{"line":9,"column":44}},{"start":{"line":9,"column":48},"end":{"line":9,"column":53}}],"line":9},"1":{"loc":{"start":{"line":10,"column":28},"end":{"line":10,"column":49}},"type":"binary-expr","locations":[{"start":{"line":10,"column":28},"end":{"line":10,"column":42}},{"start":{"line":10,"column":46},"end":{"line":10,"column":49}}],"line":10},"2":{"loc":{"start":{"line":12,"column":15},"end":{"line":12,"column":26}},"type":"default-arg","locations":[{"start":{"line":12,"column":24},"end":{"line":12,"column":26}}],"line":12},"3":{"loc":{"start":{"line":13,"column":8},"end":{"line":13,"column":105}},"type":"if","locations":[{"start":{"line":13,"column":8},"end":{"line":13,"column":105}},{"start":{},"end":{}}],"line":13},"4":{"loc":{"start":{"line":63,"column":21},"end":{"line":63,"column":45}},"type":"binary-expr","locations":[{"start":{"line":63,"column":21},"end":{"line":63,"column":40}},{"start":{"line":63,"column":44},"end":{"line":63,"column":45}}],"line":63}},"s":{"0":2,"1":2,"2":2,"3":0,"4":0,"5":0,"6":0,"7":0,"8":0,"9":0,"10":0,"11":0,"12":0,"13":0,"14":0,"15":0,"16":2,"17":0,"18":0,"19":0,"20":0,"21":0,"22":2},"f":{"0":0,"1":0,"2":0},"b":{"0":[0,0],"1":[0,0],"2":[0],"3":[0,0],"4":[0,0]},"meta":{"lastBranch":5,"lastFunction":3,"lastStatement":23,"seen":{"s:1:20:1:50":0,"s:2:16:2:50":1,"s:7:19:55:1":2,"f:7:19:7:24":0,"s:8:4:54:5":3,"s:9:20:9:54":4,"b:9:29:9:44:9:48:9:53":0,"s:10:19:10:50":5,"b:10:28:10:42:10:46:10:49":1,"s:12:29:12:58":6,"b:12:24:12:26":2,"b:13:8:13:105:undefined:undefined:undefined:undefined":3,"s:13:8:13:105":7,"s:13:29:13:104":8,"s:15:26:43:7":9,"f:15:39:15:40":1,"s:15:57:37:9":10,"s:38:8:42:7":11,"s:44:20:44:72":12,"s:45:5:50:7":13,"s:52:9:52:60":14,"s:53:9:53:19":15,"s:58:24:69:1":16,"f:58:24:58:29":2,"s:59:4:68:5":17,"s:60:19:60:47":18,"s:61:6:64:8":19,"b:63:21:63:40:63:44:63:45":4,"s:66:8:66:60":20,"s:67:8:67:17":21,"s:70:0:70:Infinity":22}}}
,"C:\\Users\\child\\Projects\\my-BuddyCart\\BuddyCart\\server\\controllers\\auth.control.js": {"path":"C:\\Users\\child\\Projects\\my-BuddyCart\\BuddyCart\\server\\controllers\\auth.control.js","statementMap":{"0":{"start":{"line":1,"column":13},"end":{"line":1,"column":44}},"1":{"start":{"line":2,"column":26},"end":{"line":2,"column":54}},"2":{"start":{"line":3,"column":22},"end":{"line":3,"column":60}},"3":{"start":{"line":4,"column":37},"end":{"line":4,"column":60}},"4":{"start":{"line":5,"column":15},"end":{"line":5,"column":34}},"5":{"start":{"line":7,"column":29},"end":{"line":7,"column":48}},"6":{"start":{"line":9,"column":15},"end":{"line":80,"column":1}},"7":{"start":{"line":10,"column":2},"end":{"line":79,"column":3}},"8":{"start":{"line":11,"column":63},"end":{"line":11,"column":71}},"9":{"start":{"line":12,"column":4},"end":{"line":16,"column":5}},"10":{"start":{"line":13,"column":6},"end":{"line":15,"column":64}},"11":{"start":{"line":18,"column":4},"end":{"line":18,"column":45}},"12":{"start":{"line":20,"column":24},"end":{"line":20,"column":53}},"13":{"start":{"line":21,"column":4},"end":{"line":23,"column":5}},"14":{"start":{"line":22,"column":6},"end":{"line":22,"column":76}},"15":{"start":{"line":25,"column":20},"end":{"line":25,"column":35}},"16":{"start":{"line":28,"column":4},"end":{"line":28,"column":38}},"17":{"start":{"line":30,"column":4},"end":{"line":32,"column":5}},"18":{"start":{"line":31,"column":6},"end":{"line":31,"column":49}},"19":{"start":{"line":34,"column":20},"end":{"line":34,"column":46}},"20":{"start":{"line":36,"column":4},"end":{"line":61,"column":5}},"21":{"start":{"line":37,"column":26},"end":{"line":40,"column":8}},"22":{"start":{"line":42,"column":6},"end":{"line":44,"column":8}},"23":{"start":{"line":46,"column":6},"end":{"line":48,"column":20}},"24":{"start":{"line":47,"column":8},"end":{"line":47,"column":81}},"25":{"start":{"line":50,"column":6},"end":{"line":60,"column":9}},"26":{"start":{"line":63,"column":4},"end":{"line":72,"column":7}},"27":{"start":{"line":74,"column":4},"end":{"line":76,"column":5}},"28":{"start":{"line":75,"column":6},"end":{"line":75,"column":76}},"29":{"start":{"line":77,"column":4},"end":{"line":77,"column":57}},"30":{"start":{"line":78,"column":4},"end":{"line":78,"column":14}},"31":{"start":{"line":82,"column":19},"end":{"line":84,"column":1}},"32":{"start":{"line":83,"column":2},"end":{"line":83,"column":63}},"33":{"start":{"line":86,"column":18},"end":{"line":121,"column":1}},"34":{"start":{"line":87,"column":2},"end":{"line":120,"column":3}},"35":{"start":{"line":88,"column":30},"end":{"line":88,"column":44}},"36":{"start":{"line":89,"column":4},"end":{"line":89,"column":53}},"37":{"start":{"line":91,"column":17},"end":{"line":93,"column":5}},"38":{"start":{"line":94,"column":4},"end":{"line":94,"column":74}},"39":{"start":{"line":94,"column":15},"end":{"line":94,"column":74}},"40":{"start":{"line":96,"column":26},"end":{"line":96,"column":85}},"41":{"start":{"line":97,"column":4},"end":{"line":99,"column":5}},"42":{"start":{"line":98,"column":6},"end":{"line":98,"column":67}},"43":{"start":{"line":101,"column":18},"end":{"line":105,"column":47}},"44":{"start":{"line":107,"column":4},"end":{"line":116,"column":7}},"45":{"start":{"line":118,"column":4},"end":{"line":118,"column":40}},"46":{"start":{"line":119,"column":4},"end":{"line":119,"column":14}},"47":{"start":{"line":123,"column":19},"end":{"line":160,"column":1}},"48":{"start":{"line":124,"column":2},"end":{"line":159,"column":3}},"49":{"start":{"line":125,"column":19},"end":{"line":125,"column":29}},"50":{"start":{"line":126,"column":51},"end":{"line":126,"column":65}},"51":{"start":{"line":128,"column":4},"end":{"line":128,"column":79}},"52":{"start":{"line":128,"column":13},"end":{"line":128,"column":79}},"53":{"start":{"line":130,"column":19},"end":{"line":130,"column":21}},"54":{"start":{"line":131,"column":4},"end":{"line":131,"column":41}},"55":{"start":{"line":131,"column":14},"end":{"line":131,"column":41}},"56":{"start":{"line":132,"column":4},"end":{"line":132,"column":65}},"57":{"start":{"line":132,"column":15},"end":{"line":132,"column":65}},"58":{"start":{"line":134,"column":4},"end":{"line":136,"column":5}},"59":{"start":{"line":135,"column":6},"end":{"line":135,"column":39}},"60":{"start":{"line":138,"column":4},"end":{"line":141,"column":5}},"61":{"start":{"line":139,"column":18},"end":{"line":139,"column":37}},"62":{"start":{"line":140,"column":6},"end":{"line":140,"column":48}},"63":{"start":{"line":140,"column":22},"end":{"line":140,"column":48}},"64":{"start":{"line":145,"column":20},"end":{"line":148,"column":26}},"65":{"start":{"line":150,"column":4},"end":{"line":150,"column":78}},"66":{"start":{"line":150,"column":18},"end":{"line":150,"column":78}},"67":{"start":{"line":152,"column":4},"end":{"line":155,"column":7}},"68":{"start":{"line":157,"column":4},"end":{"line":157,"column":59}},"69":{"start":{"line":158,"column":4},"end":{"line":158,"column":14}},"70":{"start":{"line":163,"column":19},"end":{"line":179,"column":1}},"71":{"start":{"line":164,"column":2},"end":{"line":178,"column":3}},"72":{"start":{"line":165,"column":19},"end":{"line":165,"column":29}},"73":{"start":{"line":166,"column":4},"end":{"line":166,"column":79}},"74":{"start":{"line":166,"column":13},"end":{"line":166,"column":79}},"75":{"start":{"line":168,"column":20},"end":{"line":168,"column":52}},"76":{"start":{"line":169,"column":4},"end":{"line":169,"column":78}},"77":{"start":{"line":169,"column":18},"end":{"line":169,"column":78}},"78":{"start":{"line":171,"column":4},"end":{"line":174,"column":7}},"79":{"start":{"line":176,"column":4},"end":{"line":176,"column":59}},"80":{"start":{"line":177,"column":4},"end":{"line":177,"column":14}},"81":{"start":{"line":182,"column":33},"end":{"line":248,"column":1}},"82":{"start":{"line":183,"column":2},"end":{"line":247,"column":3}},"83":{"start":{"line":184,"column":19},"end":{"line":184,"column":31}},"84":{"start":{"line":185,"column":4},"end":{"line":185,"column":74}},"85":{"start":{"line":185,"column":17},"end":{"line":185,"column":74}},"86":{"start":{"line":187,"column":36},"end":{"line":187,"column":50}},"87":{"start":{"line":188,"column":4},"end":{"line":190,"column":5}},"88":{"start":{"line":189,"column":6},"end":{"line":189,"column":76}},"89":{"start":{"line":192,"column":4},"end":{"line":192,"column":49}},"90":{"start":{"line":193,"column":4},"end":{"line":195,"column":5}},"91":{"start":{"line":194,"column":6},"end":{"line":194,"column":72}},"92":{"start":{"line":196,"column":4},"end":{"line":198,"column":5}},"93":{"start":{"line":197,"column":6},"end":{"line":197,"column":37}},"94":{"start":{"line":200,"column":14},"end":{"line":200,"column":76}},"95":{"start":{"line":202,"column":4},"end":{"line":220,"column":5}},"96":{"start":{"line":203,"column":20},"end":{"line":203,"column":25}},"97":{"start":{"line":204,"column":6},"end":{"line":207,"column":7}},"98":{"start":{"line":205,"column":8},"end":{"line":205,"column":42}},"99":{"start":{"line":206,"column":8},"end":{"line":206,"column":23}},"100":{"start":{"line":208,"column":6},"end":{"line":211,"column":7}},"101":{"start":{"line":209,"column":8},"end":{"line":209,"column":28}},"102":{"start":{"line":210,"column":8},"end":{"line":210,"column":23}},"103":{"start":{"line":212,"column":6},"end":{"line":212,"column":36}},"104":{"start":{"line":212,"column":19},"end":{"line":212,"column":36}},"105":{"start":{"line":214,"column":24},"end":{"line":217,"column":7}},"106":{"start":{"line":219,"column":6},"end":{"line":219,"column":69}},"107":{"start":{"line":222,"column":4},"end":{"line":232,"column":5}},"108":{"start":{"line":222,"column":8},"end":{"line":227,"column":7}},"109":{"start":{"line":227,"column":17},"end":{"line":230,"column":6}},"110":{"start":{"line":228,"column":22},"end":{"line":228,"column":119}},"111":{"start":{"line":229,"column":8},"end":{"line":229,"column":67}},"112":{"start":{"line":231,"column":5},"end":{"line":231,"column":13}},"113":{"start":{"line":234,"column":4},"end":{"line":237,"column":18}},"114":{"start":{"line":235,"column":19},"end":{"line":235,"column":67}},"115":{"start":{"line":236,"column":6},"end":{"line":236,"column":62}},"116":{"start":{"line":239,"column":22},"end":{"line":242,"column":5}},"117":{"start":{"line":244,"column":4},"end":{"line":244,"column":68}},"118":{"start":{"line":246,"column":4},"end":{"line":246,"column":14}},"119":{"start":{"line":250,"column":17},"end":{"line":283,"column":1}},"120":{"start":{"line":251,"column":2},"end":{"line":282,"column":3}},"121":{"start":{"line":252,"column":19},"end":{"line":252,"column":31}},"122":{"start":{"line":253,"column":4},"end":{"line":253,"column":74}},"123":{"start":{"line":253,"column":17},"end":{"line":253,"column":74}},"124":{"start":{"line":255,"column":50},"end":{"line":255,"column":64}},"125":{"start":{"line":256,"column":19},"end":{"line":256,"column":21}},"126":{"start":{"line":258,"column":4},"end":{"line":258,"column":41}},"127":{"start":{"line":258,"column":14},"end":{"line":258,"column":41}},"128":{"start":{"line":259,"column":4},"end":{"line":259,"column":65}},"129":{"start":{"line":259,"column":15},"end":{"line":259,"column":65}},"130":{"start":{"line":262,"column":4},"end":{"line":264,"column":5}},"131":{"start":{"line":263,"column":8},"end":{"line":263,"column":41}},"132":{"start":{"line":266,"column":4},"end":{"line":269,"column":5}},"133":{"start":{"line":267,"column":18},"end":{"line":267,"column":37}},"134":{"start":{"line":268,"column":6},"end":{"line":268,"column":48}},"135":{"start":{"line":268,"column":22},"end":{"line":268,"column":48}},"136":{"start":{"line":271,"column":20},"end":{"line":274,"column":26}},"137":{"start":{"line":276,"column":4},"end":{"line":276,"column":77}},"138":{"start":{"line":276,"column":18},"end":{"line":276,"column":77}},"139":{"start":{"line":278,"column":4},"end":{"line":278,"column":81}},"140":{"start":{"line":280,"column":4},"end":{"line":280,"column":57}},"141":{"start":{"line":281,"column":4},"end":{"line":281,"column":14}},"142":{"start":{"line":285,"column":18},"end":{"line":298,"column":2}},"143":{"start":{"line":300,"column":20},"end":{"line":313,"column":2}},"144":{"start":{"line":316,"column":2},"end":{"line":362,"column":3}},"145":{"start":{"line":317,"column":19},"end":{"line":317,"column":31}},"146":{"start":{"line":318,"column":4},"end":{"line":318,"column":74}},"147":{"start":{"line":318,"column":17},"end":{"line":318,"column":74}},"148":{"start":{"line":320,"column":30},"end":{"line":320,"column":44}},"149":{"start":{"line":321,"column":4},"end":{"line":321,"column":44}},"150":{"start":{"line":322,"column":4},"end":{"line":322,"column":50}},"151":{"start":{"line":323,"column":4},"end":{"line":327,"column":5}},"152":{"start":{"line":324,"column":6},"end":{"line":326,"column":62}},"153":{"start":{"line":329,"column":17},"end":{"line":331,"column":5}},"154":{"start":{"line":332,"column":4},"end":{"line":332,"column":74}},"155":{"start":{"line":332,"column":15},"end":{"line":332,"column":74}},"156":{"start":{"line":334,"column":4},"end":{"line":337,"column":5}},"157":{"start":{"line":335,"column":6},"end":{"line":335,"column":45}},"158":{"start":{"line":336,"column":6},"end":{"line":336,"column":77}},"159":{"start":{"line":336,"column":47},"end":{"line":336,"column":77}},"160":{"start":{"line":339,"column":13},"end":{"line":339,"column":14}},"161":{"start":{"line":340,"column":11},"end":{"line":340,"column":12}},"162":{"start":{"line":341,"column":11},"end":{"line":341,"column":12}},"163":{"start":{"line":342,"column":4},"end":{"line":346,"column":5}},"164":{"start":{"line":343,"column":6},"end":{"line":343,"column":14}},"165":{"start":{"line":344,"column":11},"end":{"line":346,"column":5}},"166":{"start":{"line":345,"column":6},"end":{"line":345,"column":14}},"167":{"start":{"line":347,"column":18},"end":{"line":347,"column":54}},"168":{"start":{"line":347,"column":25},"end":{"line":347,"column":54}},"169":{"start":{"line":348,"column":4},"end":{"line":348,"column":42}},"170":{"start":{"line":349,"column":4},"end":{"line":349,"column":42}},"171":{"start":{"line":350,"column":4},"end":{"line":350,"column":42}},"172":{"start":{"line":352,"column":4},"end":{"line":352,"column":22}},"173":{"start":{"line":354,"column":4},"end":{"line":359,"column":7}},"174":{"start":{"line":361,"column":4},"end":{"line":361,"column":14}},"175":{"start":{"line":365,"column":0},"end":{"line":374,"column":2}}},"fnMap":{"0":{"name":"(anonymous_0)","decl":{"start":{"line":9,"column":15},"end":{"line":9,"column":20}},"loc":{"start":{"line":9,"column":38},"end":{"line":80,"column":1}},"line":9},"1":{"name":"(anonymous_1)","decl":{"start":{"line":82,"column":19},"end":{"line":82,"column":24}},"loc":{"start":{"line":82,"column":45},"end":{"line":84,"column":1}},"line":82},"2":{"name":"(anonymous_2)","decl":{"start":{"line":86,"column":18},"end":{"line":86,"column":23}},"loc":{"start":{"line":86,"column":44},"end":{"line":121,"column":1}},"line":86},"3":{"name":"(anonymous_3)","decl":{"start":{"line":123,"column":19},"end":{"line":123,"column":24}},"loc":{"start":{"line":123,"column":45},"end":{"line":160,"column":1}},"line":123},"4":{"name":"(anonymous_4)","decl":{"start":{"line":163,"column":19},"end":{"line":163,"column":24}},"loc":{"start":{"line":163,"column":45},"end":{"line":179,"column":1}},"line":163},"5":{"name":"(anonymous_5)","decl":{"start":{"line":182,"column":33},"end":{"line":182,"column":38}},"loc":{"start":{"line":182,"column":59},"end":{"line":248,"column":1}},"line":182},"6":{"name":"(anonymous_6)","decl":{"start":{"line":250,"column":17},"end":{"line":250,"column":22}},"loc":{"start":{"line":250,"column":43},"end":{"line":283,"column":1}},"line":250},"7":{"name":"trackPreferenceClick","decl":{"start":{"line":315,"column":15},"end":{"line":315,"column":35}},"loc":{"start":{"line":315,"column":52},"end":{"line":363,"column":1}},"line":315},"8":{"name":"(anonymous_8)","decl":{"start":{"line":347,"column":18},"end":{"line":347,"column":19}},"loc":{"start":{"line":347,"column":25},"end":{"line":347,"column":54}},"line":347}},"branchMap":{"0":{"loc":{"start":{"line":12,"column":4},"end":{"line":16,"column":5}},"type":"if","locations":[{"start":{"line":12,"column":4},"end":{"line":16,"column":5}},{"start":{},"end":{}}],"line":12},"1":{"loc":{"start":{"line":12,"column":8},"end":{"line":12,"column":36}},"type":"binary-expr","locations":[{"start":{"line":12,"column":8},"end":{"line":12,"column":13}},{"start":{"line":12,"column":17},"end":{"line":12,"column":23}},{"start":{"line":12,"column":27},"end":{"line":12,"column":36}}],"line":12},"2":{"loc":{"start":{"line":21,"column":4},"end":{"line":23,"column":5}},"type":"if","locations":[{"start":{"line":21,"column":4},"end":{"line":23,"column":5}},{"start":{},"end":{}}],"line":21},"3":{"loc":{"start":{"line":30,"column":4},"end":{"line":32,"column":5}},"type":"if","locations":[{"start":{"line":30,"column":4},"end":{"line":32,"column":5}},{"start":{},"end":{}}],"line":30},"4":{"loc":{"start":{"line":30,"column":8},"end":{"line":30,"column":70}},"type":"binary-expr","locations":[{"start":{"line":30,"column":8},"end":{"line":30,"column":40}},{"start":{"line":30,"column":44},"end":{"line":30,"column":70}}],"line":30},"5":{"loc":{"start":{"line":36,"column":4},"end":{"line":61,"column":5}},"type":"if","locations":[{"start":{"line":36,"column":4},"end":{"line":61,"column":5}},{"start":{},"end":{}}],"line":36},"6":{"loc":{"start":{"line":58,"column":24},"end":{"line":58,"column":50}},"type":"binary-expr","locations":[{"start":{"line":58,"column":24},"end":{"line":58,"column":44}},{"start":{"line":58,"column":48},"end":{"line":58,"column":50}}],"line":58},"7":{"loc":{"start":{"line":70,"column":22},"end":{"line":70,"column":48}},"type":"binary-expr","locations":[{"start":{"line":70,"column":22},"end":{"line":70,"column":42}},{"start":{"line":70,"column":46},"end":{"line":70,"column":48}}],"line":70},"8":{"loc":{"start":{"line":74,"column":4},"end":{"line":76,"column":5}},"type":"if","locations":[{"start":{"line":74,"column":4},"end":{"line":76,"column":5}},{"start":{},"end":{}}],"line":74},"9":{"loc":{"start":{"line":88,"column":30},"end":{"line":88,"column":44}},"type":"binary-expr","locations":[{"start":{"line":88,"column":30},"end":{"line":88,"column":38}},{"start":{"line":88,"column":42},"end":{"line":88,"column":44}}],"line":88},"10":{"loc":{"start":{"line":89,"column":19},"end":{"line":89,"column":30}},"type":"binary-expr","locations":[{"start":{"line":89,"column":19},"end":{"line":89,"column":24}},{"start":{"line":89,"column":28},"end":{"line":89,"column":30}}],"line":89},"11":{"loc":{"start":{"line":94,"column":4},"end":{"line":94,"column":74}},"type":"if","locations":[{"start":{"line":94,"column":4},"end":{"line":94,"column":74}},{"start":{},"end":{}}],"line":94},"12":{"loc":{"start":{"line":96,"column":54},"end":{"line":96,"column":68}},"type":"binary-expr","locations":[{"start":{"line":96,"column":54},"end":{"line":96,"column":62}},{"start":{"line":96,"column":66},"end":{"line":96,"column":68}}],"line":96},"13":{"loc":{"start":{"line":97,"column":4},"end":{"line":99,"column":5}},"type":"if","locations":[{"start":{"line":97,"column":4},"end":{"line":99,"column":5}},{"start":{},"end":{}}],"line":97},"14":{"loc":{"start":{"line":105,"column":20},"end":{"line":105,"column":43}},"type":"binary-expr","locations":[{"start":{"line":105,"column":20},"end":{"line":105,"column":37}},{"start":{"line":105,"column":41},"end":{"line":105,"column":43}}],"line":105},"15":{"loc":{"start":{"line":114,"column":22},"end":{"line":114,"column":45}},"type":"binary-expr","locations":[{"start":{"line":114,"column":22},"end":{"line":114,"column":39}},{"start":{"line":114,"column":43},"end":{"line":114,"column":45}}],"line":114},"16":{"loc":{"start":{"line":126,"column":51},"end":{"line":126,"column":65}},"type":"binary-expr","locations":[{"start":{"line":126,"column":51},"end":{"line":126,"column":59}},{"start":{"line":126,"column":63},"end":{"line":126,"column":65}}],"line":126},"17":{"loc":{"start":{"line":128,"column":4},"end":{"line":128,"column":79}},"type":"if","locations":[{"start":{"line":128,"column":4},"end":{"line":128,"column":79}},{"start":{},"end":{}}],"line":128},"18":{"loc":{"start":{"line":131,"column":4},"end":{"line":131,"column":41}},"type":"if","locations":[{"start":{"line":131,"column":4},"end":{"line":131,"column":41}},{"start":{},"end":{}}],"line":131},"19":{"loc":{"start":{"line":132,"column":4},"end":{"line":132,"column":65}},"type":"if","locations":[{"start":{"line":132,"column":4},"end":{"line":132,"column":65}},{"start":{},"end":{}}],"line":132},"20":{"loc":{"start":{"line":134,"column":4},"end":{"line":136,"column":5}},"type":"if","locations":[{"start":{"line":134,"column":4},"end":{"line":136,"column":5}},{"start":{},"end":{}}],"line":134},"21":{"loc":{"start":{"line":138,"column":4},"end":{"line":141,"column":5}},"type":"if","locations":[{"start":{"line":138,"column":4},"end":{"line":141,"column":5}},{"start":{},"end":{}}],"line":138},"22":{"loc":{"start":{"line":140,"column":6},"end":{"line":140,"column":48}},"type":"if","locations":[{"start":{"line":140,"column":6},"end":{"line":140,"column":48}},{"start":{},"end":{}}],"line":140},"23":{"loc":{"start":{"line":150,"column":4},"end":{"line":150,"column":78}},"type":"if","locations":[{"start":{"line":150,"column":4},"end":{"line":150,"column":78}},{"start":{},"end":{}}],"line":150},"24":{"loc":{"start":{"line":166,"column":4},"end":{"line":166,"column":79}},"type":"if","locations":[{"start":{"line":166,"column":4},"end":{"line":166,"column":79}},{"start":{},"end":{}}],"line":166},"25":{"loc":{"start":{"line":169,"column":4},"end":{"line":169,"column":78}},"type":"if","locations":[{"start":{"line":169,"column":4},"end":{"line":169,"column":78}},{"start":{},"end":{}}],"line":169},"26":{"loc":{"start":{"line":185,"column":4},"end":{"line":185,"column":74}},"type":"if","locations":[{"start":{"line":185,"column":4},"end":{"line":185,"column":74}},{"start":{},"end":{}}],"line":185},"27":{"loc":{"start":{"line":187,"column":36},"end":{"line":187,"column":50}},"type":"binary-expr","locations":[{"start":{"line":187,"column":36},"end":{"line":187,"column":44}},{"start":{"line":187,"column":48},"end":{"line":187,"column":50}}],"line":187},"28":{"loc":{"start":{"line":188,"column":4},"end":{"line":190,"column":5}},"type":"if","locations":[{"start":{"line":188,"column":4},"end":{"line":190,"column":5}},{"start":{},"end":{}}],"line":188},"29":{"loc":{"start":{"line":193,"column":4},"end":{"line":195,"column":5}},"type":"if","locations":[{"start":{"line":193,"column":4},"end":{"line":195,"column":5}},{"start":{},"end":{}}],"line":193},"30":{"loc":{"start":{"line":196,"column":4},"end":{"line":198,"column":5}},"type":"if","locations":[{"start":{"line":196,"column":4},"end":{"line":198,"column":5}},{"start":{},"end":{}}],"line":196},"31":{"loc":{"start":{"line":202,"column":4},"end":{"line":220,"column":5}},"type":"if","locations":[{"start":{"line":202,"column":4},"end":{"line":220,"column":5}},{"start":{},"end":{}}],"line":202},"32":{"loc":{"start":{"line":204,"column":6},"end":{"line":207,"column":7}},"type":"if","locations":[{"start":{"line":204,"column":6},"end":{"line":207,"column":7}},{"start":{},"end":{}}],"line":204},"33":{"loc":{"start":{"line":208,"column":6},"end":{"line":211,"column":7}},"type":"if","locations":[{"start":{"line":208,"column":6},"end":{"line":211,"column":7}},{"start":{},"end":{}}],"line":208},"34":{"loc":{"start":{"line":208,"column":10},"end":{"line":208,"column":64}},"type":"binary-expr","locations":[{"start":{"line":208,"column":10},"end":{"line":208,"column":39}},{"start":{"line":208,"column":43},"end":{"line":208,"column":64}}],"line":208},"35":{"loc":{"start":{"line":212,"column":6},"end":{"line":212,"column":36}},"type":"if","locations":[{"start":{"line":212,"column":6},"end":{"line":212,"column":36}},{"start":{},"end":{}}],"line":212},"36":{"loc":{"start":{"line":227,"column":17},"end":{"line":230,"column":6}},"type":"if","locations":[{"start":{"line":227,"column":17},"end":{"line":230,"column":6}},{"start":{},"end":{}}],"line":227},"37":{"loc":{"start":{"line":253,"column":4},"end":{"line":253,"column":74}},"type":"if","locations":[{"start":{"line":253,"column":4},"end":{"line":253,"column":74}},{"start":{},"end":{}}],"line":253},"38":{"loc":{"start":{"line":255,"column":50},"end":{"line":255,"column":64}},"type":"binary-expr","locations":[{"start":{"line":255,"column":50},"end":{"line":255,"column":58}},{"start":{"line":255,"column":62},"end":{"line":255,"column":64}}],"line":255},"39":{"loc":{"start":{"line":258,"column":4},"end":{"line":258,"column":41}},"type":"if","locations":[{"start":{"line":258,"column":4},"end":{"line":258,"column":41}},{"start":{},"end":{}}],"line":258},"40":{"loc":{"start":{"line":259,"column":4},"end":{"line":259,"column":65}},"type":"if","locations":[{"start":{"line":259,"column":4},"end":{"line":259,"column":65}},{"start":{},"end":{}}],"line":259},"41":{"loc":{"start":{"line":262,"column":4},"end":{"line":264,"column":5}},"type":"if","locations":[{"start":{"line":262,"column":4},"end":{"line":264,"column":5}},{"start":{},"end":{}}],"line":262},"42":{"loc":{"start":{"line":266,"column":4},"end":{"line":269,"column":5}},"type":"if","locations":[{"start":{"line":266,"column":4},"end":{"line":269,"column":5}},{"start":{},"end":{}}],"line":266},"43":{"loc":{"start":{"line":268,"column":6},"end":{"line":268,"column":48}},"type":"if","locations":[{"start":{"line":268,"column":6},"end":{"line":268,"column":48}},{"start":{},"end":{}}],"line":268},"44":{"loc":{"start":{"line":276,"column":4},"end":{"line":276,"column":77}},"type":"if","locations":[{"start":{"line":276,"column":4},"end":{"line":276,"column":77}},{"start":{},"end":{}}],"line":276},"45":{"loc":{"start":{"line":318,"column":4},"end":{"line":318,"column":74}},"type":"if","locations":[{"start":{"line":318,"column":4},"end":{"line":318,"column":74}},{"start":{},"end":{}}],"line":318},"46":{"loc":{"start":{"line":320,"column":30},"end":{"line":320,"column":44}},"type":"binary-expr","locations":[{"start":{"line":320,"column":30},"end":{"line":320,"column":38}},{"start":{"line":320,"column":42},"end":{"line":320,"column":44}}],"line":320},"47":{"loc":{"start":{"line":321,"column":13},"end":{"line":321,"column":24}},"type":"binary-expr","locations":[{"start":{"line":321,"column":13},"end":{"line":321,"column":18}},{"start":{"line":321,"column":22},"end":{"line":321,"column":24}}],"line":321},"48":{"loc":{"start":{"line":322,"column":16},"end":{"line":322,"column":30}},"type":"binary-expr","locations":[{"start":{"line":322,"column":16},"end":{"line":322,"column":24}},{"start":{"line":322,"column":28},"end":{"line":322,"column":30}}],"line":322},"49":{"loc":{"start":{"line":323,"column":4},"end":{"line":327,"column":5}},"type":"if","locations":[{"start":{"line":323,"column":4},"end":{"line":327,"column":5}},{"start":{},"end":{}}],"line":323},"50":{"loc":{"start":{"line":323,"column":8},"end":{"line":323,"column":27}},"type":"binary-expr","locations":[{"start":{"line":323,"column":8},"end":{"line":323,"column":14}},{"start":{"line":323,"column":18},"end":{"line":323,"column":27}}],"line":323},"51":{"loc":{"start":{"line":332,"column":4},"end":{"line":332,"column":74}},"type":"if","locations":[{"start":{"line":332,"column":4},"end":{"line":332,"column":74}},{"start":{},"end":{}}],"line":332},"52":{"loc":{"start":{"line":334,"column":4},"end":{"line":337,"column":5}},"type":"if","locations":[{"start":{"line":334,"column":4},"end":{"line":337,"column":5}},{"start":{},"end":{}}],"line":334},"53":{"loc":{"start":{"line":336,"column":6},"end":{"line":336,"column":77}},"type":"if","locations":[{"start":{"line":336,"column":6},"end":{"line":336,"column":77}},{"start":{},"end":{}}],"line":336},"54":{"loc":{"start":{"line":342,"column":4},"end":{"line":346,"column":5}},"type":"if","locations":[{"start":{"line":342,"column":4},"end":{"line":346,"column":5}},{"start":{"line":344,"column":11},"end":{"line":346,"column":5}}],"line":342},"55":{"loc":{"start":{"line":344,"column":11},"end":{"line":346,"column":5}},"type":"if","locations":[{"start":{"line":344,"column":11},"end":{"line":346,"column":5}},{"start":{},"end":{}}],"line":344}},"s":{"0":2,"1":2,"2":2,"3":2,"4":2,"5":2,"6":2,"7":4,"8":4,"9":4,"10":0,"11":4,"12":4,"13":4,"14":1,"15":3,"16":3,"17":3,"18":0,"19":3,"20":3,"21":0,"22":0,"23":0,"24":0,"25":0,"26":3,"27":0,"28":0,"29":0,"30":0,"31":2,"32":0,"33":2,"34":1,"35":1,"36":1,"37":1,"38":1,"39":0,"40":1,"41":1,"42":0,"43":1,"44":1,"45":0,"46":0,"47":2,"48":0,"49":0,"50":0,"51":0,"52":0,"53":0,"54":0,"55":0,"56":0,"57":0,"58":0,"59":0,"60":0,"61":0,"62":0,"63":0,"64":0,"65":0,"66":0,"67":0,"68":0,"69":0,"70":2,"71":0,"72":0,"73":0,"74":0,"75":0,"76":0,"77":0,"78":0,"79":0,"80":0,"81":2,"82":0,"83":0,"84":0,"85":0,"86":0,"87":0,"88":0,"89":0,"90":0,"91":0,"92":0,"93":0,"94":0,"95":0,"96":0,"97":0,"98":0,"99":0,"100":0,"101":0,"102":0,"103":0,"104":0,"105":0,"106":0,"107":0,"108":0,"109":0,"110":0,"111":0,"112":0,"113":0,"114":0,"115":0,"116":0,"117":0,"118":0,"119":0,"120":0,"121":0,"122":0,"123":0,"124":0,"125":0,"126":0,"127":0,"128":0,"129":0,"130":0,"131":0,"132":0,"133":0,"134":0,"135":0,"136":0,"137":0,"138":0,"139":0,"140":0,"141":2,"142":2,"143":2,"144":0,"145":0,"146":0,"147":0,"148":0,"149":0,"150":0,"151":0,"152":0,"153":0,"154":0,"155":0,"156":0,"157":0,"158":0,"159":0,"160":0,"161":0,"162":0,"163":0,"164":0,"165":0,"166":0,"167":0,"168":0,"169":0,"170":0,"171":0,"172":0,"173":0,"174":2,"175":2},"f":{"0":4,"1":0,"2":1,"3":0,"4":0,"5":0,"6":0,"7":0,"8":0},"b":{"0":[0,4],"1":[4,4,4],"2":[1,3],"3":[0,3],"4":[3,0],"5":[0,3],"6":[0,0],"7":[3,4],"8":[0,0],"9":[1,1],"10":[0,1],"11":[0,1],"12":[1,1],"13":[0,1],"14":[1,1],"15":[1,1],"16":[0,0],"17":[0,0],"18":[0,0],"19":[0,0],"20":[0,0],"21":[0,0],"22":[0,0],"23":[0,0],"24":[0,0],"25":[0,0],"26":[0,0],"27":[0,0],"28":[0,0],"29":[0,0],"30":[0,0],"31":[0,0],"32":[0,0],"33":[0,0],"34":[0,0],"35":[0,0],"36":[0,0],"37":[0,0],"38":[0,0],"39":[0,0],"40":[0,0],"41":[0,0],"42":[0,0],"43":[0,0],"44":[0,0],"45":[0,0],"46":[0,0],"47":[0,0],"48":[0,0],"49":[0,0],"50":[0,0],"51":[0,0],"52":[0,0],"53":[0,0],"54":[0,0],"55":[0,0]},"meta":{"lastBranch":56,"lastFunction":9,"lastStatement":176,"seen":{"s:1:13:1:44":0,"s:2:26:2:54":1,"s:3:22:3:60":2,"s:4:37:4:60":3,"s:5:15:5:34":4,"s:7:29:7:48":5,"s:9:15:80:1":6,"f:9:15:9:20":0,"s:10:2:79:3":7,"s:11:63:11:71":8,"b:12:4:16:5:undefined:undefined:undefined:undefined":0,"s:12:4:16:5":9,"b:12:8:12:13:12:17:12:23:12:27:12:36":1,"s:13:6:15:64":10,"s:18:4:18:45":11,"s:20:24:20:53":12,"b:21:4:23:5:undefined:undefined:undefined:undefined":2,"s:21:4:23:5":13,"s:22:6:22:76":14,"s:25:20:25:35":15,"s:28:4:28:38":16,"b:30:4:32:5:undefined:undefined:undefined:undefined":3,"s:30:4:32:5":17,"b:30:8:30:40:30:44:30:70":4,"s:31:6:31:49":18,"s:34:20:34:46":19,"b:36:4:61:5:undefined:undefined:undefined:undefined":5,"s:36:4:61:5":20,"s:37:26:40:8":21,"s:42:6:44:8":22,"s:46:6:48:20":23,"s:47:8:47:81":24,"s:50:6:60:9":25,"b:58:24:58:44:58:48:58:50":6,"s:63:4:72:7":26,"b:70:22:70:42:70:46:70:48":7,"b:74:4:76:5:undefined:undefined:undefined:undefined":8,"s:74:4:76:5":27,"s:75:6:75:76":28,"s:77:4:77:57":29,"s:78:4:78:14":30,"s:82:19:84:1":31,"f:82:19:82:24":1,"s:83:2:83:63":32,"s:86:18:121:1":33,"f:86:18:86:23":2,"s:87:2:120:3":34,"s:88:30:88:44":35,"b:88:30:88:38:88:42:88:44":9,"s:89:4:89:53":36,"b:89:19:89:24:89:28:89:30":10,"s:91:17:93:5":37,"b:94:4:94:74:undefined:undefined:undefined:undefined":11,"s:94:4:94:74":38,"s:94:15:94:74":39,"s:96:26:96:85":40,"b:96:54:96:62:96:66:96:68":12,"b:97:4:99:5:undefined:undefined:undefined:undefined":13,"s:97:4:99:5":41,"s:98:6:98:67":42,"s:101:18:105:47":43,"b:105:20:105:37:105:41:105:43":14,"s:107:4:116:7":44,"b:114:22:114:39:114:43:114:45":15,"s:118:4:118:40":45,"s:119:4:119:14":46,"s:123:19:160:1":47,"f:123:19:123:24":3,"s:124:2:159:3":48,"s:125:19:125:29":49,"s:126:51:126:65":50,"b:126:51:126:59:126:63:126:65":16,"b:128:4:128:79:undefined:undefined:undefined:undefined":17,"s:128:4:128:79":51,"s:128:13:128:79":52,"s:130:19:130:21":53,"b:131:4:131:41:undefined:undefined:undefined:undefined":18,"s:131:4:131:41":54,"s:131:14:131:41":55,"b:132:4:132:65:undefined:undefined:undefined:undefined":19,"s:132:4:132:65":56,"s:132:15:132:65":57,"b:134:4:136:5:undefined:undefined:undefined:undefined":20,"s:134:4:136:5":58,"s:135:6:135:39":59,"b:138:4:141:5:undefined:undefined:undefined:undefined":21,"s:138:4:141:5":60,"s:139:18:139:37":61,"b:140:6:140:48:undefined:undefined:undefined:undefined":22,"s:140:6:140:48":62,"s:140:22:140:48":63,"s:145:20:148:26":64,"b:150:4:150:78:undefined:undefined:undefined:undefined":23,"s:150:4:150:78":65,"s:150:18:150:78":66,"s:152:4:155:7":67,"s:157:4:157:59":68,"s:158:4:158:14":69,"s:163:19:179:1":70,"f:163:19:163:24":4,"s:164:2:178:3":71,"s:165:19:165:29":72,"b:166:4:166:79:undefined:undefined:undefined:undefined":24,"s:166:4:166:79":73,"s:166:13:166:79":74,"s:168:20:168:52":75,"b:169:4:169:78:undefined:undefined:undefined:undefined":25,"s:169:4:169:78":76,"s:169:18:169:78":77,"s:171:4:174:7":78,"s:176:4:176:59":79,"s:177:4:177:14":80,"s:182:33:248:1":81,"f:182:33:182:38":5,"s:183:2:247:3":82,"s:184:19:184:31":83,"b:185:4:185:74:undefined:undefined:undefined:undefined":26,"s:185:4:185:74":84,"s:185:17:185:74":85,"s:187:36:187:50":86,"b:187:36:187:44:187:48:187:50":27,"b:188:4:190:5:undefined:undefined:undefined:undefined":28,"s:188:4:190:5":87,"s:189:6:189:76":88,"s:192:4:192:49":89,"b:193:4:195:5:undefined:undefined:undefined:undefined":29,"s:193:4:195:5":90,"s:194:6:194:72":91,"b:196:4:198:5:undefined:undefined:undefined:undefined":30,"s:196:4:198:5":92,"s:197:6:197:37":93,"s:200:14:200:76":94,"b:202:4:220:5:undefined:undefined:undefined:undefined":31,"s:202:4:220:5":95,"s:203:20:203:25":96,"b:204:6:207:7:undefined:undefined:undefined:undefined":32,"s:204:6:207:7":97,"s:205:8:205:42":98,"s:206:8:206:23":99,"b:208:6:211:7:undefined:undefined:undefined:undefined":33,"s:208:6:211:7":100,"b:208:10:208:39:208:43:208:64":34,"s:209:8:209:28":101,"s:210:8:210:23":102,"b:212:6:212:36:undefined:undefined:undefined:undefined":35,"s:212:6:212:36":103,"s:212:19:212:36":104,"s:214:24:217:7":105,"s:219:6:219:69":106,"s:222:4:232:5":107,"s:222:8:227:7":108,"b:227:17:230:6:undefined:undefined:undefined:undefined":36,"s:227:17:230:6":109,"s:228:22:228:119":110,"s:229:8:229:67":111,"s:231:5:231:13":112,"s:234:4:237:18":113,"s:235:19:235:67":114,"s:236:6:236:62":115,"s:239:22:242:5":116,"s:244:4:244:68":117,"s:246:4:246:14":118,"s:250:17:283:1":119,"f:250:17:250:22":6,"s:251:2:282:3":120,"s:252:19:252:31":121,"b:253:4:253:74:undefined:undefined:undefined:undefined":37,"s:253:4:253:74":122,"s:253:17:253:74":123,"s:255:50:255:64":124,"b:255:50:255:58:255:62:255:64":38,"s:256:19:256:21":125,"b:258:4:258:41:undefined:undefined:undefined:undefined":39,"s:258:4:258:41":126,"s:258:14:258:41":127,"b:259:4:259:65:undefined:undefined:undefined:undefined":40,"s:259:4:259:65":128,"s:259:15:259:65":129,"b:262:4:264:5:undefined:undefined:undefined:undefined":41,"s:262:4:264:5":130,"s:263:8:263:41":131,"b:266:4:269:5:undefined:undefined:undefined:undefined":42,"s:266:4:269:5":132,"s:267:18:267:37":133,"b:268:6:268:48:undefined:undefined:undefined:undefined":43,"s:268:6:268:48":134,"s:268:22:268:48":135,"s:271:20:274:26":136,"b:276:4:276:77:undefined:undefined:undefined:undefined":44,"s:276:4:276:77":137,"s:276:18:276:77":138,"s:278:4:278:81":139,"s:280:4:280:57":140,"s:281:4:281:14":141,"s:285:18:298:2":142,"s:300:20:313:2":143,"f:315:15:315:35":7,"s:316:2:362:3":144,"s:317:19:317:31":145,"b:318:4:318:74:undefined:undefined:undefined:undefined":45,"s:318:4:318:74":146,"s:318:17:318:74":147,"s:320:30:320:44":148,"b:320:30:320:38:320:42:320:44":46,"s:321:4:321:44":149,"b:321:13:321:18:321:22:321:24":47,"s:322:4:322:50":150,"b:322:16:322:24:322:28:322:30":48,"b:323:4:327:5:undefined:undefined:undefined:undefined":49,"s:323:4:327:5":151,"b:323:8:323:14:323:18:323:27":50,"s:324:6:326:62":152,"s:329:17:331:5":153,"b:332:4:332:74:undefined:undefined:undefined:undefined":51,"s:332:4:332:74":154,"s:332:15:332:74":155,"b:334:4:337:5:undefined:undefined:undefined:undefined":52,"s:334:4:337:5":156,"s:335:6:335:45":157,"b:336:6:336:77:undefined:undefined:undefined:undefined":53,"s:336:6:336:77":158,"s:336:47:336:77":159,"s:339:13:339:14":160,"s:340:11:340:12":161,"s:341:11:341:12":162,"b:342:4:346:5:344:11:346:5":54,"s:342:4:346:5":163,"s:343:6:343:14":164,"b:344:11:346:5:undefined:undefined:undefined:undefined":55,"s:344:11:346:5":165,"s:345:6:345:14":166,"s:347:18:347:54":167,"f:347:18:347:19":8,"s:347:25:347:54":168,"s:348:4:348:42":169,"s:349:4:349:42":170,"s:350:4:350:42":171,"s:352:4:352:22":172,"s:354:4:359:7":173,"s:361:4:361:14":174,"s:365:0:374:2":175}}}
,"C:\\Users\\child\\Projects\\my-BuddyCart\\BuddyCart\\server\\controllers\\checkout.controller.js": {"path":"C:\\Users\\child\\Projects\\my-BuddyCart\\BuddyCart\\server\\controllers\\checkout.controller.js","statementMap":{"0":{"start":{"line":1,"column":14},"end":{"line":1,"column":30}},"1":{"start":{"line":8,"column":4},"end":{"line":8,"column":15}},"2":{"start":{"line":11,"column":2},"end":{"line":13,"column":40}},"3":{"start":{"line":16,"column":14},"end":{"line":16,"column":46}},"4":{"start":{"line":17,"column":15},"end":{"line":17,"column":46}},"5":{"start":{"line":19,"column":19},"end":{"line":22,"column":4}},"6":{"start":{"line":24,"column":2},"end":{"line":24,"column":27}},"7":{"start":{"line":27,"column":0},"end":{"line":78,"column":2}},"8":{"start":{"line":28,"column":2},"end":{"line":77,"column":3}},"9":{"start":{"line":29,"column":30},"end":{"line":29,"column":38}},"10":{"start":{"line":31,"column":18},"end":{"line":35,"column":9}},"11":{"start":{"line":32,"column":20},"end":{"line":32,"column":41}},"12":{"start":{"line":33,"column":18},"end":{"line":33,"column":42}},"13":{"start":{"line":34,"column":6},"end":{"line":34,"column":31}},"14":{"start":{"line":37,"column":4},"end":{"line":39,"column":5}},"15":{"start":{"line":38,"column":6},"end":{"line":38,"column":63}},"16":{"start":{"line":41,"column":24},"end":{"line":41,"column":52}},"17":{"start":{"line":43,"column":28},"end":{"line":63,"column":5}},"18":{"start":{"line":65,"column":20},"end":{"line":65,"column":71}},"19":{"start":{"line":65,"column":45},"end":{"line":65,"column":64}},"20":{"start":{"line":66,"column":4},"end":{"line":66,"column":76}},"21":{"start":{"line":66,"column":18},"end":{"line":66,"column":76}},"22":{"start":{"line":68,"column":4},"end":{"line":68,"column":45}},"23":{"start":{"line":70,"column":4},"end":{"line":70,"column":21}},"24":{"start":{"line":72,"column":6},"end":{"line":75,"column":20}},"25":{"start":{"line":76,"column":4},"end":{"line":76,"column":41}},"26":{"start":{"line":80,"column":0},"end":{"line":103,"column":2}},"27":{"start":{"line":81,"column":2},"end":{"line":102,"column":3}},"28":{"start":{"line":82,"column":24},"end":{"line":82,"column":32}},"29":{"start":{"line":83,"column":4},"end":{"line":83,"column":76}},"30":{"start":{"line":83,"column":18},"end":{"line":83,"column":76}},"31":{"start":{"line":85,"column":24},"end":{"line":85,"column":52}},"32":{"start":{"line":87,"column":21},"end":{"line":91,"column":5}},"33":{"start":{"line":93,"column":4},"end":{"line":93,"column":43}},"34":{"start":{"line":95,"column":4},"end":{"line":95,"column":21}},"35":{"start":{"line":97,"column":6},"end":{"line":100,"column":20}},"36":{"start":{"line":101,"column":4},"end":{"line":101,"column":41}}},"fnMap":{"0":{"name":"getPayPalAccessToken","decl":{"start":{"line":15,"column":15},"end":{"line":15,"column":35}},"loc":{"start":{"line":15,"column":38},"end":{"line":25,"column":1}},"line":15},"1":{"name":"(anonymous_1)","decl":{"start":{"line":27,"column":32},"end":{"line":27,"column":37}},"loc":{"start":{"line":27,"column":52},"end":{"line":78,"column":1}},"line":27},"2":{"name":"(anonymous_2)","decl":{"start":{"line":31,"column":34},"end":{"line":31,"column":35}},"loc":{"start":{"line":31,"column":46},"end":{"line":35,"column":5}},"line":31},"3":{"name":"(anonymous_3)","decl":{"start":{"line":65,"column":38},"end":{"line":65,"column":39}},"loc":{"start":{"line":65,"column":45},"end":{"line":65,"column":64}},"line":65},"4":{"name":"(anonymous_4)","decl":{"start":{"line":80,"column":23},"end":{"line":80,"column":28}},"loc":{"start":{"line":80,"column":43},"end":{"line":103,"column":1}},"line":80}},"branchMap":{"0":{"loc":{"start":{"line":6,"column":2},"end":{"line":6,"column":24}},"type":"default-arg","locations":[{"start":{"line":6,"column":15},"end":{"line":6,"column":24}}],"line":6},"1":{"loc":{"start":{"line":7,"column":2},"end":{"line":7,"column":43}},"type":"default-arg","locations":[{"start":{"line":7,"column":20},"end":{"line":7,"column":43}}],"line":7},"2":{"loc":{"start":{"line":11,"column":2},"end":{"line":13,"column":40}},"type":"cond-expr","locations":[{"start":{"line":12,"column":6},"end":{"line":12,"column":32}},{"start":{"line":13,"column":6},"end":{"line":13,"column":40}}],"line":11},"3":{"loc":{"start":{"line":29,"column":12},"end":{"line":29,"column":25}},"type":"default-arg","locations":[{"start":{"line":29,"column":23},"end":{"line":29,"column":25}}],"line":29},"4":{"loc":{"start":{"line":32,"column":27},"end":{"line":32,"column":40}},"type":"binary-expr","locations":[{"start":{"line":32,"column":27},"end":{"line":32,"column":35}},{"start":{"line":32,"column":39},"end":{"line":32,"column":40}}],"line":32},"5":{"loc":{"start":{"line":33,"column":25},"end":{"line":33,"column":41}},"type":"binary-expr","locations":[{"start":{"line":33,"column":25},"end":{"line":33,"column":36}},{"start":{"line":33,"column":40},"end":{"line":33,"column":41}}],"line":33},"6":{"loc":{"start":{"line":37,"column":4},"end":{"line":39,"column":5}},"type":"if","locations":[{"start":{"line":37,"column":4},"end":{"line":39,"column":5}},{"start":{},"end":{}}],"line":37},"7":{"loc":{"start":{"line":37,"column":8},"end":{"line":37,"column":28}},"type":"binary-expr","locations":[{"start":{"line":37,"column":8},"end":{"line":37,"column":14}},{"start":{"line":37,"column":18},"end":{"line":37,"column":28}}],"line":37},"8":{"loc":{"start":{"line":66,"column":4},"end":{"line":66,"column":76}},"type":"if","locations":[{"start":{"line":66,"column":4},"end":{"line":66,"column":76}},{"start":{},"end":{}}],"line":66},"9":{"loc":{"start":{"line":72,"column":6},"end":{"line":75,"column":20}},"type":"binary-expr","locations":[{"start":{"line":72,"column":6},"end":{"line":72,"column":31}},{"start":{"line":73,"column":6},"end":{"line":73,"column":43}},{"start":{"line":74,"column":6},"end":{"line":74,"column":15}},{"start":{"line":75,"column":6},"end":{"line":75,"column":20}}],"line":72},"10":{"loc":{"start":{"line":83,"column":4},"end":{"line":83,"column":76}},"type":"if","locations":[{"start":{"line":83,"column":4},"end":{"line":83,"column":76}},{"start":{},"end":{}}],"line":83},"11":{"loc":{"start":{"line":97,"column":6},"end":{"line":100,"column":20}},"type":"binary-expr","locations":[{"start":{"line":97,"column":6},"end":{"line":97,"column":31}},{"start":{"line":98,"column":6},"end":{"line":98,"column":43}},{"start":{"line":99,"column":6},"end":{"line":99,"column":15}},{"start":{"line":100,"column":6},"end":{"line":100,"column":20}}],"line":97}},"s":{"0":2,"1":2,"2":2,"3":0,"4":0,"5":0,"6":0,"7":2,"8":0,"9":0,"10":0,"11":0,"12":0,"13":0,"14":0,"15":0,"16":0,"17":0,"18":0,"19":0,"20":0,"21":0,"22":0,"23":0,"24":0,"25":0,"26":2,"27":0,"28":0,"29":0,"30":0,"31":0,"32":0,"33":0,"34":0,"35":0,"36":0},"f":{"0":0,"1":0,"2":0,"3":0,"4":0},"b":{"0":[2],"1":[2],"2":[0,2],"3":[0],"4":[0,0],"5":[0,0],"6":[0,0],"7":[0,0],"8":[0,0],"9":[0,0,0,0],"10":[0,0],"11":[0,0,0,0]},"meta":{"lastBranch":12,"lastFunction":5,"lastStatement":37,"seen":{"s:1:14:1:30":0,"s:8:4:8:15":1,"b:6:15:6:24":0,"b:7:20:7:43":1,"s:11:2:13:40":2,"b:12:6:12:32:13:6:13:40":2,"f:15:15:15:35":0,"s:16:14:16:46":3,"s:17:15:17:46":4,"s:19:19:22:4":5,"s:24:2:24:27":6,"s:27:0:78:2":7,"f:27:32:27:37":1,"s:28:2:77:3":8,"s:29:30:29:38":9,"b:29:23:29:25":3,"s:31:18:35:9":10,"f:31:34:31:35":2,"s:32:20:32:41":11,"b:32:27:32:35:32:39:32:40":4,"s:33:18:33:42":12,"b:33:25:33:36:33:40:33:41":5,"s:34:6:34:31":13,"b:37:4:39:5:undefined:undefined:undefined:undefined":6,"s:37:4:39:5":14,"b:37:8:37:14:37:18:37:28":7,"s:38:6:38:63":15,"s:41:24:41:52":16,"s:43:28:63:5":17,"s:65:20:65:71":18,"f:65:38:65:39":3,"s:65:45:65:64":19,"b:66:4:66:76:undefined:undefined:undefined:undefined":8,"s:66:4:66:76":20,"s:66:18:66:76":21,"s:68:4:68:45":22,"s:70:4:70:21":23,"s:72:6:75:20":24,"b:72:6:72:31:73:6:73:43:74:6:74:15:75:6:75:20":9,"s:76:4:76:41":25,"s:80:0:103:2":26,"f:80:23:80:28":4,"s:81:2:102:3":27,"s:82:24:82:32":28,"b:83:4:83:76:undefined:undefined:undefined:undefined":10,"s:83:4:83:76":29,"s:83:18:83:76":30,"s:85:24:85:52":31,"s:87:21:91:5":32,"s:93:4:93:43":33,"s:95:4:95:21":34,"s:97:6:100:20":35,"b:97:6:97:31:98:6:98:43:99:6:99:15:100:6:100:20":11,"s:101:4:101:41":36}}}
,"C:\\Users\\child\\Projects\\my-BuddyCart\\BuddyCart\\server\\controllers\\product.control.js": {"path":"C:\\Users\\child\\Projects\\my-BuddyCart\\BuddyCart\\server\\controllers\\product.control.js","statementMap":{"0":{"start":{"line":1,"column":18},"end":{"line":1,"column":52}},"1":{"start":{"line":5,"column":2},"end":{"line":14,"column":3}},"2":{"start":{"line":6,"column":14},"end":{"line":9,"column":6}},"3":{"start":{"line":10,"column":16},"end":{"line":10,"column":32}},"4":{"start":{"line":11,"column":4},"end":{"line":11,"column":39}},"5":{"start":{"line":13,"column":4},"end":{"line":13,"column":21}},"6":{"start":{"line":18,"column":2},"end":{"line":40,"column":3}},"7":{"start":{"line":19,"column":15},"end":{"line":19,"column":25}},"8":{"start":{"line":20,"column":17},"end":{"line":20,"column":30}},"9":{"start":{"line":21,"column":4},"end":{"line":21,"column":45}},"10":{"start":{"line":21,"column":25},"end":{"line":21,"column":45}},"11":{"start":{"line":24,"column":4},"end":{"line":33,"column":5}},"12":{"start":{"line":25,"column":6},"end":{"line":25,"column":86}},"13":{"start":{"line":28,"column":6},"end":{"line":32,"column":7}},"14":{"start":{"line":35,"column":4},"end":{"line":35,"column":83}},"15":{"start":{"line":35,"column":16},"end":{"line":35,"column":82}},"16":{"start":{"line":37,"column":4},"end":{"line":37,"column":28}},"17":{"start":{"line":39,"column":4},"end":{"line":39,"column":21}},"18":{"start":{"line":44,"column":2},"end":{"line":57,"column":3}},"19":{"start":{"line":45,"column":15},"end":{"line":45,"column":25}},"20":{"start":{"line":47,"column":4},"end":{"line":51,"column":5}},"21":{"start":{"line":48,"column":6},"end":{"line":48,"column":49}},"22":{"start":{"line":50,"column":6},"end":{"line":50,"column":72}},"23":{"start":{"line":53,"column":4},"end":{"line":53,"column":82}},"24":{"start":{"line":53,"column":16},"end":{"line":53,"column":81}},"25":{"start":{"line":54,"column":4},"end":{"line":54,"column":45}},"26":{"start":{"line":56,"column":4},"end":{"line":56,"column":21}},"27":{"start":{"line":63,"column":2},"end":{"line":81,"column":3}},"28":{"start":{"line":64,"column":17},"end":{"line":64,"column":48}},"29":{"start":{"line":65,"column":18},"end":{"line":65,"column":51}},"30":{"start":{"line":66,"column":17},"end":{"line":66,"column":35}},"31":{"start":{"line":67,"column":30},"end":{"line":70,"column":6}},"32":{"start":{"line":71,"column":4},"end":{"line":71,"column":41}},"33":{"start":{"line":72,"column":4},"end":{"line":77,"column":7}},"34":{"start":{"line":79,"column":4},"end":{"line":79,"column":70}},"35":{"start":{"line":80,"column":4},"end":{"line":80,"column":14}},"36":{"start":{"line":84,"column":0},"end":{"line":89,"column":null}}},"fnMap":{"0":{"name":"createProduct","decl":{"start":{"line":4,"column":15},"end":{"line":4,"column":28}},"loc":{"start":{"line":4,"column":43},"end":{"line":15,"column":1}},"line":4},"1":{"name":"updateProduct","decl":{"start":{"line":17,"column":15},"end":{"line":17,"column":28}},"loc":{"start":{"line":17,"column":43},"end":{"line":41,"column":1}},"line":17},"2":{"name":"deleteProduct","decl":{"start":{"line":43,"column":15},"end":{"line":43,"column":28}},"loc":{"start":{"line":43,"column":43},"end":{"line":58,"column":1}},"line":43},"3":{"name":"listProducts","decl":{"start":{"line":62,"column":15},"end":{"line":62,"column":27}},"loc":{"start":{"line":62,"column":44},"end":{"line":82,"column":1}},"line":62}},"branchMap":{"0":{"loc":{"start":{"line":21,"column":4},"end":{"line":21,"column":45}},"type":"if","locations":[{"start":{"line":21,"column":4},"end":{"line":21,"column":45}},{"start":{},"end":{}}],"line":21},"1":{"loc":{"start":{"line":24,"column":4},"end":{"line":33,"column":5}},"type":"if","locations":[{"start":{"line":24,"column":4},"end":{"line":33,"column":5}},{"start":{"line":27,"column":8},"end":{"line":33,"column":5}}],"line":24},"2":{"loc":{"start":{"line":35,"column":4},"end":{"line":35,"column":83}},"type":"if","locations":[{"start":{"line":35,"column":4},"end":{"line":35,"column":83}},{"start":{},"end":{}}],"line":35},"3":{"loc":{"start":{"line":47,"column":4},"end":{"line":51,"column":5}},"type":"if","locations":[{"start":{"line":47,"column":4},"end":{"line":51,"column":5}},{"start":{"line":49,"column":9},"end":{"line":51,"column":5}}],"line":47},"4":{"loc":{"start":{"line":53,"column":4},"end":{"line":53,"column":82}},"type":"if","locations":[{"start":{"line":53,"column":4},"end":{"line":53,"column":82}},{"start":{},"end":{}}],"line":53},"5":{"loc":{"start":{"line":64,"column":26},"end":{"line":64,"column":47}},"type":"binary-expr","locations":[{"start":{"line":64,"column":26},"end":{"line":64,"column":40}},{"start":{"line":64,"column":44},"end":{"line":64,"column":47}}],"line":64},"6":{"loc":{"start":{"line":65,"column":27},"end":{"line":65,"column":50}},"type":"binary-expr","locations":[{"start":{"line":65,"column":27},"end":{"line":65,"column":42}},{"start":{"line":65,"column":46},"end":{"line":65,"column":50}}],"line":65}},"s":{"0":2,"1":0,"2":0,"3":0,"4":0,"5":0,"6":0,"7":0,"8":0,"9":0,"10":0,"11":0,"12":0,"13":0,"14":0,"15":0,"16":0,"17":0,"18":0,"19":0,"20":0,"21":0,"22":0,"23":0,"24":0,"25":0,"26":0,"27":1,"28":1,"29":1,"30":1,"31":1,"32":1,"33":1,"34":0,"35":0,"36":2},"f":{"0":0,"1":0,"2":0,"3":1},"b":{"0":[0,0],"1":[0,0],"2":[0,0],"3":[0,0],"4":[0,0],"5":[1,1],"6":[1,1]},"meta":{"lastBranch":7,"lastFunction":4,"lastStatement":37,"seen":{"s:1:18:1:52":0,"f:4:15:4:28":0,"s:5:2:14:3":1,"s:6:14:9:6":2,"s:10:16:10:32":3,"s:11:4:11:39":4,"s:13:4:13:21":5,"f:17:15:17:28":1,"s:18:2:40:3":6,"s:19:15:19:25":7,"s:20:17:20:30":8,"b:21:4:21:45:undefined:undefined:undefined:undefined":0,"s:21:4:21:45":9,"s:21:25:21:45":10,"b:24:4:33:5:27:8:33:5":1,"s:24:4:33:5":11,"s:25:6:25:86":12,"s:28:6:32:7":13,"b:35:4:35:83:undefined:undefined:undefined:undefined":2,"s:35:4:35:83":14,"s:35:16:35:82":15,"s:37:4:37:28":16,"s:39:4:39:21":17,"f:43:15:43:28":2,"s:44:2:57:3":18,"s:45:15:45:25":19,"b:47:4:51:5:49:9:51:5":3,"s:47:4:51:5":20,"s:48:6:48:49":21,"s:50:6:50:72":22,"b:53:4:53:82:undefined:undefined:undefined:undefined":4,"s:53:4:53:82":23,"s:53:16:53:81":24,"s:54:4:54:45":25,"s:56:4:56:21":26,"f:62:15:62:27":3,"s:63:2:81:3":27,"s:64:17:64:48":28,"b:64:26:64:40:64:44:64:47":5,"s:65:18:65:51":29,"b:65:27:65:42:65:46:65:50":6,"s:66:17:66:35":30,"s:67:30:70:6":31,"s:71:4:71:41":32,"s:72:4:77:7":33,"s:79:4:79:70":34,"s:80:4:80:14":35,"s:84:0:89:Infinity":36}}}
,"C:\\Users\\child\\Projects\\my-BuddyCart\\BuddyCart\\server\\controllers\\roleRequests.controller.js": {"path":"C:\\Users\\child\\Projects\\my-BuddyCart\\BuddyCart\\server\\controllers\\roleRequests.controller.js","statementMap":{"0":{"start":{"line":2,"column":17},"end":{"line":2,"column":36}},"1":{"start":{"line":3,"column":24},"end":{"line":3,"column":62}},"2":{"start":{"line":4,"column":13},"end":{"line":4,"column":44}},"3":{"start":{"line":5,"column":34},"end":{"line":5,"column":57}},"4":{"start":{"line":9,"column":2},"end":{"line":12,"column":3}},"5":{"start":{"line":10,"column":4},"end":{"line":10,"column":63}},"6":{"start":{"line":11,"column":4},"end":{"line":11,"column":17}},"7":{"start":{"line":13,"column":2},"end":{"line":13,"column":14}},"8":{"start":{"line":17,"column":15},"end":{"line":17,"column":64}},"9":{"start":{"line":18,"column":19},"end":{"line":18,"column":89}},"10":{"start":{"line":19,"column":15},"end":{"line":19,"column":36}},"11":{"start":{"line":20,"column":2},"end":{"line":20,"column":34}},"12":{"start":{"line":24,"column":2},"end":{"line":77,"column":3}},"13":{"start":{"line":25,"column":4},"end":{"line":27,"column":5}},"14":{"start":{"line":26,"column":6},"end":{"line":26,"column":63}},"15":{"start":{"line":29,"column":19},"end":{"line":29,"column":30}},"16":{"start":{"line":30,"column":26},"end":{"line":30,"column":68}},"17":{"start":{"line":31,"column":19},"end":{"line":31,"column":54}},"18":{"start":{"line":33,"column":4},"end":{"line":35,"column":5}},"19":{"start":{"line":34,"column":6},"end":{"line":34,"column":77}},"20":{"start":{"line":38,"column":21},"end":{"line":41,"column":42}},"21":{"start":{"line":43,"column":4},"end":{"line":50,"column":5}},"22":{"start":{"line":44,"column":6},"end":{"line":48,"column":7}},"23":{"start":{"line":45,"column":8},"end":{"line":45,"column":45}},"24":{"start":{"line":46,"column":8},"end":{"line":46,"column":60}},"25":{"start":{"line":47,"column":8},"end":{"line":47,"column":30}},"26":{"start":{"line":49,"column":6},"end":{"line":49,"column":82}},"27":{"start":{"line":53,"column":4},"end":{"line":67,"column":5}},"28":{"start":{"line":54,"column":6},"end":{"line":60,"column":7}},"29":{"start":{"line":62,"column":6},"end":{"line":65,"column":7}},"30":{"start":{"line":63,"column":22},"end":{"line":63,"column":119}},"31":{"start":{"line":64,"column":8},"end":{"line":64,"column":81}},"32":{"start":{"line":66,"column":6},"end":{"line":66,"column":14}},"33":{"start":{"line":69,"column":22},"end":{"line":69,"column":93}},"34":{"start":{"line":70,"column":4},"end":{"line":70,"column":73}},"35":{"start":{"line":73,"column":4},"end":{"line":75,"column":5}},"36":{"start":{"line":74,"column":6},"end":{"line":74,"column":83}},"37":{"start":{"line":76,"column":4},"end":{"line":76,"column":14}},"38":{"start":{"line":82,"column":2},"end":{"line":103,"column":3}},"39":{"start":{"line":83,"column":4},"end":{"line":83,"column":39}},"40":{"start":{"line":83,"column":32},"end":{"line":83,"column":39}},"41":{"start":{"line":85,"column":19},"end":{"line":85,"column":63}},"42":{"start":{"line":86,"column":37},"end":{"line":86,"column":65}},"43":{"start":{"line":88,"column":14},"end":{"line":88,"column":16}},"44":{"start":{"line":89,"column":4},"end":{"line":89,"column":34}},"45":{"start":{"line":89,"column":16},"end":{"line":89,"column":34}},"46":{"start":{"line":91,"column":27},"end":{"line":98,"column":6}},"47":{"start":{"line":100,"column":4},"end":{"line":100,"column":47}},"48":{"start":{"line":102,"column":4},"end":{"line":102,"column":14}},"49":{"start":{"line":108,"column":2},"end":{"line":166,"column":3}},"50":{"start":{"line":109,"column":4},"end":{"line":109,"column":39}},"51":{"start":{"line":109,"column":32},"end":{"line":109,"column":39}},"52":{"start":{"line":111,"column":20},"end":{"line":111,"column":31}},"53":{"start":{"line":112,"column":15},"end":{"line":112,"column":50}},"54":{"start":{"line":113,"column":25},"end":{"line":113,"column":66}},"55":{"start":{"line":115,"column":4},"end":{"line":117,"column":5}},"56":{"start":{"line":116,"column":6},"end":{"line":116,"column":75}},"57":{"start":{"line":120,"column":13},"end":{"line":120,"column":79}},"58":{"start":{"line":121,"column":4},"end":{"line":123,"column":5}},"59":{"start":{"line":122,"column":6},"end":{"line":122,"column":73}},"60":{"start":{"line":126,"column":4},"end":{"line":128,"column":5}},"61":{"start":{"line":127,"column":6},"end":{"line":127,"column":99}},"62":{"start":{"line":130,"column":4},"end":{"line":132,"column":5}},"63":{"start":{"line":131,"column":6},"end":{"line":131,"column":85}},"64":{"start":{"line":133,"column":17},"end":{"line":137,"column":25}},"65":{"start":{"line":139,"column":4},"end":{"line":141,"column":5}},"66":{"start":{"line":140,"column":6},"end":{"line":140,"column":66}},"67":{"start":{"line":143,"column":4},"end":{"line":151,"column":7}},"68":{"start":{"line":153,"column":4},"end":{"line":153,"column":76}},"69":{"start":{"line":154,"column":4},"end":{"line":154,"column":48}},"70":{"start":{"line":157,"column":4},"end":{"line":162,"column":18}},"71":{"start":{"line":158,"column":6},"end":{"line":161,"column":9}},"72":{"start":{"line":164,"column":4},"end":{"line":164,"column":74}},"73":{"start":{"line":165,"column":4},"end":{"line":165,"column":14}},"74":{"start":{"line":171,"column":2},"end":{"line":213,"column":3}},"75":{"start":{"line":172,"column":4},"end":{"line":172,"column":39}},"76":{"start":{"line":172,"column":32},"end":{"line":172,"column":39}},"77":{"start":{"line":174,"column":20},"end":{"line":174,"column":31}},"78":{"start":{"line":175,"column":15},"end":{"line":175,"column":50}},"79":{"start":{"line":176,"column":25},"end":{"line":176,"column":66}},"80":{"start":{"line":178,"column":4},"end":{"line":180,"column":5}},"81":{"start":{"line":179,"column":6},"end":{"line":179,"column":75}},"82":{"start":{"line":182,"column":13},"end":{"line":182,"column":79}},"83":{"start":{"line":183,"column":4},"end":{"line":185,"column":5}},"84":{"start":{"line":184,"column":6},"end":{"line":184,"column":73}},"85":{"start":{"line":187,"column":4},"end":{"line":189,"column":5}},"86":{"start":{"line":188,"column":6},"end":{"line":188,"column":99}},"87":{"start":{"line":191,"column":4},"end":{"line":199,"column":7}},"88":{"start":{"line":201,"column":4},"end":{"line":201,"column":76}},"89":{"start":{"line":202,"column":4},"end":{"line":202,"column":48}},"90":{"start":{"line":204,"column":4},"end":{"line":209,"column":18}},"91":{"start":{"line":205,"column":6},"end":{"line":208,"column":9}},"92":{"start":{"line":211,"column":4},"end":{"line":211,"column":73}},"93":{"start":{"line":212,"column":4},"end":{"line":212,"column":14}},"94":{"start":{"line":216,"column":0},"end":{"line":221,"column":2}}},"fnMap":{"0":{"name":"ensureAdmin","decl":{"start":{"line":8,"column":9},"end":{"line":8,"column":20}},"loc":{"start":{"line":8,"column":31},"end":{"line":14,"column":1}},"line":8},"1":{"name":"parsePaging","decl":{"start":{"line":16,"column":9},"end":{"line":16,"column":20}},"loc":{"start":{"line":16,"column":28},"end":{"line":21,"column":1}},"line":16},"2":{"name":"createRoleRequest","decl":{"start":{"line":23,"column":15},"end":{"line":23,"column":32}},"loc":{"start":{"line":23,"column":49},"end":{"line":78,"column":1}},"line":23},"3":{"name":"listRoleRequests","decl":{"start":{"line":81,"column":15},"end":{"line":81,"column":31}},"loc":{"start":{"line":81,"column":48},"end":{"line":104,"column":1}},"line":81},"4":{"name":"approveRoleRequest","decl":{"start":{"line":107,"column":15},"end":{"line":107,"column":33}},"loc":{"start":{"line":107,"column":50},"end":{"line":167,"column":1}},"line":107},"5":{"name":"rejectRoleRequest","decl":{"start":{"line":170,"column":15},"end":{"line":170,"column":32}},"loc":{"start":{"line":170,"column":49},"end":{"line":214,"column":1}},"line":170}},"branchMap":{"0":{"loc":{"start":{"line":9,"column":2},"end":{"line":12,"column":3}},"type":"if","locations":[{"start":{"line":9,"column":2},"end":{"line":12,"column":3}},{"start":{},"end":{}}],"line":9},"1":{"loc":{"start":{"line":9,"column":6},"end":{"line":9,"column":44}},"type":"binary-expr","locations":[{"start":{"line":9,"column":6},"end":{"line":9,"column":15}},{"start":{"line":9,"column":19},"end":{"line":9,"column":44}}],"line":9},"2":{"loc":{"start":{"line":17,"column":24},"end":{"line":17,"column":60}},"type":"binary-expr","locations":[{"start":{"line":17,"column":24},"end":{"line":17,"column":55}},{"start":{"line":17,"column":59},"end":{"line":17,"column":60}}],"line":17},"3":{"loc":{"start":{"line":17,"column":33},"end":{"line":17,"column":50}},"type":"binary-expr","locations":[{"start":{"line":17,"column":33},"end":{"line":17,"column":43}},{"start":{"line":17,"column":47},"end":{"line":17,"column":50}}],"line":17},"4":{"loc":{"start":{"line":18,"column":37},"end":{"line":18,"column":79}},"type":"binary-expr","locations":[{"start":{"line":18,"column":37},"end":{"line":18,"column":73}},{"start":{"line":18,"column":77},"end":{"line":18,"column":79}}],"line":18},"5":{"loc":{"start":{"line":18,"column":46},"end":{"line":18,"column":68}},"type":"binary-expr","locations":[{"start":{"line":18,"column":46},"end":{"line":18,"column":60}},{"start":{"line":18,"column":64},"end":{"line":18,"column":68}}],"line":18},"6":{"loc":{"start":{"line":25,"column":4},"end":{"line":27,"column":5}},"type":"if","locations":[{"start":{"line":25,"column":4},"end":{"line":27,"column":5}},{"start":{},"end":{}}],"line":25},"7":{"loc":{"start":{"line":25,"column":8},"end":{"line":25,"column":33}},"type":"binary-expr","locations":[{"start":{"line":25,"column":8},"end":{"line":25,"column":17}},{"start":{"line":25,"column":21},"end":{"line":25,"column":33}}],"line":25},"8":{"loc":{"start":{"line":30,"column":26},"end":{"line":30,"column":68}},"type":"binary-expr","locations":[{"start":{"line":30,"column":27},"end":{"line":30,"column":35}},{"start":{"line":30,"column":39},"end":{"line":30,"column":61}},{"start":{"line":30,"column":66},"end":{"line":30,"column":68}}],"line":30},"9":{"loc":{"start":{"line":31,"column":19},"end":{"line":31,"column":54}},"type":"binary-expr","locations":[{"start":{"line":31,"column":20},"end":{"line":31,"column":28}},{"start":{"line":31,"column":32},"end":{"line":31,"column":47}},{"start":{"line":31,"column":52},"end":{"line":31,"column":54}}],"line":31},"10":{"loc":{"start":{"line":33,"column":4},"end":{"line":35,"column":5}},"type":"if","locations":[{"start":{"line":33,"column":4},"end":{"line":35,"column":5}},{"start":{},"end":{}}],"line":33},"11":{"loc":{"start":{"line":43,"column":4},"end":{"line":50,"column":5}},"type":"if","locations":[{"start":{"line":43,"column":4},"end":{"line":50,"column":5}},{"start":{},"end":{}}],"line":43},"12":{"loc":{"start":{"line":44,"column":6},"end":{"line":48,"column":7}},"type":"if","locations":[{"start":{"line":44,"column":6},"end":{"line":48,"column":7}},{"start":{},"end":{}}],"line":44},"13":{"loc":{"start":{"line":46,"column":30},"end":{"line":46,"column":59}},"type":"binary-expr","locations":[{"start":{"line":46,"column":30},"end":{"line":46,"column":36}},{"start":{"line":46,"column":38},"end":{"line":46,"column":59}}],"line":46},"14":{"loc":{"start":{"line":62,"column":6},"end":{"line":65,"column":7}},"type":"if","locations":[{"start":{"line":62,"column":6},"end":{"line":65,"column":7}},{"start":{},"end":{}}],"line":62},"15":{"loc":{"start":{"line":73,"column":4},"end":{"line":75,"column":5}},"type":"if","locations":[{"start":{"line":73,"column":4},"end":{"line":75,"column":5}},{"start":{},"end":{}}],"line":73},"16":{"loc":{"start":{"line":73,"column":8},"end":{"line":73,"column":33}},"type":"binary-expr","locations":[{"start":{"line":73,"column":8},"end":{"line":73,"column":11}},{"start":{"line":73,"column":15},"end":{"line":73,"column":33}}],"line":73},"17":{"loc":{"start":{"line":83,"column":4},"end":{"line":83,"column":39}},"type":"if","locations":[{"start":{"line":83,"column":4},"end":{"line":83,"column":39}},{"start":{},"end":{}}],"line":83},"18":{"loc":{"start":{"line":85,"column":19},"end":{"line":85,"column":63}},"type":"binary-expr","locations":[{"start":{"line":85,"column":20},"end":{"line":85,"column":29}},{"start":{"line":85,"column":33},"end":{"line":85,"column":49}},{"start":{"line":85,"column":54},"end":{"line":8
[...]
lumn":37}},"type":"binary-expr","locations":[{"start":{"line":68,"column":1},"end":{"line":68,"column":7}},{"start":{"line":68,"column":11},"end":{"line":68,"column":26}},{"start":{"line":69,"column":1},"end":{"line":69,"column":12}},{"start":{"line":69,"column":16},"end":{"line":69,"column":36}}],"line":68},"4":{"loc":{"start":{"line":71,"column":0},"end":{"line":77,"column":2}},"type":"if","locations":[{"start":{"line":71,"column":0},"end":{"line":77,"column":2}},{"start":{},"end":{}}],"line":71},"5":{"loc":{"start":{"line":74,"column":0},"end":{"line":74,"column":46}},"type":"if","locations":[{"start":{"line":74,"column":0},"end":{"line":74,"column":46}},{"start":{},"end":{}}],"line":74},"6":{"loc":{"start":{"line":75,"column":0},"end":{"line":75,"column":71}},"type":"if","locations":[{"start":{"line":75,"column":0},"end":{"line":75,"column":71}},{"start":{},"end":{}}],"line":75},"7":{"loc":{"start":{"line":75,"column":4},"end":{"line":75,"column":39}},"type":"binary-expr","locations":[{"start":{"line":75,"column":4},"end":{"line":75,"column":15}},{"start":{"line":75,"column":19},"end":{"line":75,"column":39}}],"line":75},"8":{"loc":{"start":{"line":83,"column":0},"end":{"line":83,"column":50}},"type":"if","locations":[{"start":{"line":83,"column":0},"end":{"line":83,"column":50}},{"start":{},"end":{}}],"line":83}},"s":{"0":2,"1":2,"2":2,"3":2,"4":2,"5":3,"6":0,"7":3,"8":3,"9":3,"10":2,"11":2,"12":0,"13":0,"14":0,"15":0,"16":0,"17":0,"18":0,"19":0,"20":0,"21":0,"22":0,"23":2,"24":0,"25":0,"26":0,"27":2,"28":2},"f":{"0":3,"1":0,"2":0},"b":{"0":[2,2],"1":[0,3],"2":[0,0],"3":[0,0,0,0],"4":[0,0],"5":[0,0],"6":[0,0],"7":[0,0],"8":[0,0]},"meta":{"lastBranch":9,"lastFunction":3,"lastStatement":29,"seen":{"s:1:26:1:45":0,"s:2:15:2:34":1,"s:4:18:4:67":2,"b:4:27:4:57:4:59:4:63":0,"s:8:19:45:1":3,"s:50:0:55:2":4,"f:50:22:50:27":0,"b:51:2:51:48:undefined:undefined:undefined:undefined":1,"s:51:2:51:48":5,"s:51:34:51:48":6,"s:52:13:52:46":7,"s:53:2:53:54":8,"s:54:3:54:10":9,"s:57:0:62:3":10,"s:64:0:80:3":11,"f:64:35:64:40":1,"s:65:15:65:37":12,"b:65:15:65:31:65:35:65:37":2,"s:68:0:69:37":13,"b:68:1:68:7:68:11:68:26:69:1:69:12:69:16:69:36":3,"b:71:0:77:2:undefined:undefined:undefined:undefined":4,"s:71:0:77:2":14,"s:72:14:72:47":15,"s:73:16:73:47":16,"b:74:0:74:46:undefined:undefined:undefined:undefined":5,"s:74:0:74:46":17,"s:74:21:74:46":18,"b:75:0:75:71:undefined:undefined:undefined:undefined":6,"s:75:0:75:71":19,"b:75:4:75:15:75:19:75:39":7,"s:75:41:75:71":20,"s:76:1:76:24":21,"s:79:2:79:9":22,"s:82:0:85:1":23,"f:82:35:82:43":2,"b:83:0:83:50:undefined:undefined:undefined:undefined":8,"s:83:0:83:50":24,"s:83:20:83:50":25,"s:84:0:84:39":26,"s:87:13:87:38":27,"s:89:0:89:22":28}}}
,"C:\\Users\\child\\Projects\\my-BuddyCart\\BuddyCart\\server\\routes\\admin.routes.js": {"path":"C:\\Users\\child\\Projects\\my-BuddyCart\\BuddyCart\\server\\routes\\admin.routes.js","statementMap":{"0":{"start":{"line":1,"column":14},"end":{"line":1,"column":32}},"1":{"start":{"line":2,"column":15},"end":{"line":2,"column":42}},"2":{"start":{"line":3,"column":39},"end":{"line":3,"column":78}},"3":{"start":{"line":4,"column":33},"end":{"line":4,"column":69}},"4":{"start":{"line":6,"column":0},"end":{"line":6,"column":77}},"5":{"start":{"line":7,"column":0},"end":{"line":7,"column":79}},"6":{"start":{"line":9,"column":0},"end":{"line":9,"column":null}}},"fnMap":{},"branchMap":{},"s":{"0":2,"1":2,"2":2,"3":2,"4":2,"5":2,"6":2},"f":{},"b":{},"meta":{"lastBranch":0,"lastFunction":0,"lastStatement":7,"seen":{"s:1:14:1:32":0,"s:2:15:2:42":1,"s:3:39:3:78":2,"s:4:33:4:69":3,"s:6:0:6:77":4,"s:7:0:7:79":5,"s:9:0:9:Infinity":6}}}
,"C:\\Users\\child\\Projects\\my-BuddyCart\\BuddyCart\\server\\routes\\auth.routes.js": {"path":"C:\\Users\\child\\Projects\\my-BuddyCart\\BuddyCart\\server\\routes\\auth.routes.js","statementMap":{"0":{"start":{"line":1,"column":15},"end":{"line":1,"column":42}},"1":{"start":{"line":9,"column":12},"end":{"line":9,"column":50}},"2":{"start":{"line":11,"column":34},"end":{"line":11,"column":70}},"3":{"start":{"line":12,"column":11},"end":{"line":12,"column":42}},"4":{"start":{"line":15,"column":0},"end":{"line":15,"column":34}},"5":{"start":{"line":16,"column":0},"end":{"line":16,"column":32}},"6":{"start":{"line":17,"column":0},"end":{"line":17,"column":73}},"7":{"start":{"line":18,"column":0},"end":{"line":18,"column":76}},"8":{"start":{"line":20,"column":0},"end":{"line":37,"column":3}},"9":{"start":{"line":21,"column":2},"end":{"line":36,"column":3}},"10":{"start":{"line":22,"column":17},"end":{"line":22,"column":56}},"11":{"start":{"line":23,"column":4},"end":{"line":23,"column":74}},"12":{"start":{"line":23,"column":15},"end":{"line":23,"column":74}},"13":{"start":{"line":25,"column":4},"end":{"line":33,"column":7}},"14":{"start":{"line":35,"column":4},"end":{"line":35,"column":12}},"15":{"start":{"line":39,"column":0},"end":{"line":39,"column":41}},"16":{"start":{"line":40,"column":0},"end":{"line":40,"column":68}},"17":{"start":{"line":41,"column":0},"end":{"line":41,"column":82}},"18":{"start":{"line":43,"column":0},"end":{"line":43,"column":null}}},"fnMap":{"0":{"name":"(anonymous_0)","decl":{"start":{"line":20,"column":31},"end":{"line":20,"column":36}},"loc":{"start":{"line":20,"column":57},"end":{"line":37,"column":1}},"line":20}},"branchMap":{"0":{"loc":{"start":{"line":23,"column":4},"end":{"line":23,"column":74}},"type":"if","locations":[{"start":{"line":23,"column":4},"end":{"line":23,"column":74}},{"start":{},"end":{}}],"line":23},"1":{"loc":{"start":{"line":31,"column":22},"end":{"line":31,"column":45}},"type":"binary-expr","locations":[{"start":{"line":31,"column":22},"end":{"line":31,"column":39}},{"start":{"line":31,"column":43},"end":{"line":31,"column":45}}],"line":31}},"s":{"0":2,"1":2,"2":2,"3":2,"4":2,"5":2,"6":2,"7":2,"8":2,"9":0,"10":0,"11":0,"12":0,"13":0,"14":0,"15":2,"16":2,"17":2,"18":2},"f":{"0":0},"b":{"0":[0,0],"1":[0,0]},"meta":{"lastBranch":2,"lastFunction":1,"lastStatement":19,"seen":{"s:1:15:1:42":0,"s:9:12:9:50":1,"s:11:34:11:70":2,"s:12:11:12:42":3,"s:15:0:15:34":4,"s:16:0:16:32":5,"s:17:0:17:73":6,"s:18:0:18:76":7,"s:20:0:37:3":8,"f:20:31:20:36":0,"s:21:2:36:3":9,"s:22:17:22:56":10,"b:23:4:23:74:undefined:undefined:undefined:undefined":0,"s:23:4:23:74":11,"s:23:15:23:74":12,"s:25:4:33:7":13,"b:31:22:31:39:31:43:31:45":1,"s:35:4:35:12":14,"s:39:0:39:41":15,"s:40:0:40:68":16,"s:41:0:41:82":17,"s:43:0:43:Infinity":18}}}
,"C:\\Users\\child\\Projects\\my-BuddyCart\\BuddyCart\\server\\routes\\checkout.routes.js": {"path":"C:\\Users\\child\\Projects\\my-BuddyCart\\BuddyCart\\server\\routes\\checkout.routes.js","statementMap":{"0":{"start":{"line":1,"column":15},"end":{"line":1,"column":42}},"1":{"start":{"line":5,"column":4},"end":{"line":5,"column":49}},"2":{"start":{"line":7,"column":0},"end":{"line":7,"column":63}},"3":{"start":{"line":9,"column":0},"end":{"line":9,"column":44}},"4":{"start":{"line":11,"column":0},"end":{"line":11,"column":null}}},"fnMap":{},"branchMap":{},"s":{"0":2,"1":2,"2":2,"3":2,"4":2},"f":{},"b":{},"meta":{"lastBranch":0,"lastFunction":0,"lastStatement":5,"seen":{"s:1:15:1:42":0,"s:5:4:5:49":1,"s:7:0:7:63":2,"s:9:0:9:44":3,"s:11:0:11:Infinity":4}}}
,"C:\\Users\\child\\Projects\\my-BuddyCart\\BuddyCart\\server\\routes\\index.routes.js": {"path":"C:\\Users\\child\\Projects\\my-BuddyCart\\BuddyCart\\server\\routes\\index.routes.js","statementMap":{"0":{"start":{"line":1,"column":15},"end":{"line":1,"column":42}},"1":{"start":{"line":3,"column":0},"end":{"line":5,"column":3}},"2":{"start":{"line":4,"column":2},"end":{"line":4,"column":31}},"3":{"start":{"line":7,"column":0},"end":{"line":7,"column":24}}},"fnMap":{"0":{"name":"(anonymous_0)","decl":{"start":{"line":3,"column":16},"end":{"line":3,"column":17}},"loc":{"start":{"line":3,"column":36},"end":{"line":5,"column":1}},"line":3}},"branchMap":{},"s":{"0":2,"1":2,"2":0,"3":2},"f":{"0":0},"b":{},"meta":{"lastBranch":0,"lastFunction":1,"lastStatement":4,"seen":{"s:1:15:1:42":0,"s:3:0:5:3":1,"f:3:16:3:17":0,"s:4:2:4:31":2,"s:7:0:7:24":3}}}
,"C:\\Users\\child\\Projects\\my-BuddyCart\\BuddyCart\\server\\routes\\product.routes.js": {"path":"C:\\Users\\child\\Projects\\my-BuddyCart\\BuddyCart\\server\\routes\\product.routes.js","statementMap":{"0":{"start":{"line":1,"column":14},"end":{"line":1,"column":32}},"1":{"start":{"line":2,"column":13},"end":{"line":2,"column":29}},"2":{"start":{"line":3,"column":63},"end":{"line":3,"column":104}},"3":{"start":{"line":4,"column":32},"end":{"line":4,"column":68}},"4":{"start":{"line":5,"column":20},"end":{"line":5,"column":54}},"5":{"start":{"line":6,"column":17},"end":{"line":6,"column":48}},"6":{"start":{"line":7,"column":23},"end":{"line":7,"column":57}},"7":{"start":{"line":9,"column":0},"end":{"line":9,"column":30}},"8":{"start":{"line":11,"column":0},"end":{"line":31,"column":2}},"9":{"start":{"line":17,"column":4},"end":{"line":29,"column":25}},"10":{"start":{"line":18,"column":6},"end":{"line":20,"column":7}},"11":{"start":{"line":19,"column":6},"end":{"line":19,"column":40}},"12":{"start":{"line":22,"column":14},"end":{"line":22,"column":36}},"13":{"start":{"line":23,"column":6},"end":{"line":26,"column":7}},"14":{"start":{"line":24,"column":21},"end":{"line":24,"column":76}},"15":{"start":{"line":25,"column":8},"end":{"line":25,"column":42}},"16":{"start":{"line":27,"column":19},"end":{"line":27,"column":70}},"17":{"start":{"line":28,"column":6},"end":{"line":28,"column":21}},"18":{"start":{"line":29,"column":15},"end":{"line":29,"column":23}},"19":{"start":{"line":35,"column":2},"end":{"line":42,"column":3}},"20":{"start":{"line":36,"column":4},"end":{"line":36,"column":33}},"21":{"start":{"line":37,"column":4},"end":{"line":39,"column":19}},"22":{"start":{"line":38,"column":17},"end":{"line":38,"column":48}},"23":{"start":{"line":38,"column":49},"end":{"line":38,"column":56}},"24":{"start":{"line":41,"column":4},"end":{"line":41,"column":11}},"25":{"start":{"line":45,"column":0},"end":{"line":51,"column":1}},"26":{"start":{"line":53,"column":0},"end":{"line":59,"column":1}},"27":{"start":{"line":61,"column":0},"end":{"line":67,"column":1}},"28":{"start":{"line":71,"column":0},"end":{"line":71,"column":24}}},"fnMap":{"0":{"name":"(anonymous_0)","decl":{"start":{"line":16,"column":2},"end":{"line":16,"column":7}},"loc":{"start":{"line":16,"column":24},"end":{"line":30,"column":3}},"line":16},"1":{"name":"attachOwnerAndShop","decl":{"start":{"line":34,"column":9},"end":{"line":34,"column":27}},"loc":{"start":{"line":34,"column":41},"end":{"line":43,"column":1}},"line":34},"2":{"name":"(anonymous_2)","decl":{"start":{"line":38,"column":12},"end":{"line":38,"column":13}},"loc":{"start":{"line":38,"column":15},"end":{"line":38,"column":58}},"line":38}},"branchMap":{"0":{"loc":{"start":{"line":18,"column":6},"end":{"line":20,"column":7}},"type":"if","locations":[{"start":{"line":18,"column":6},"end":{"line":20,"column":7}},{"start":{},"end":{}}],"line":18},"1":{"loc":{"start":{"line":23,"column":6},"end":{"line":26,"column":7}},"type":"if","locations":[{"start":{"line":23,"column":6},"end":{"line":26,"column":7}},{"start":{},"end":{}}],"line":23},"2":{"loc":{"start":{"line":25,"column":15},"end":{"line":25,"column":41}},"type":"binary-expr","locations":[{"start":{"line":25,"column":16},"end":{"line":25,"column":22}},{"start":{"line":25,"column":24},"end":{"line":25,"column":34}},{"start":{"line":25,"column":37},"end":{"line":25,"column":41}}],"line":25},"3":{"loc":{"start":{"line":35,"column":2},"end":{"line":42,"column":3}},"type":"if","locations":[{"start":{"line":35,"column":2},"end":{"line":42,"column":3}},{"start":{"line":40,"column":7},"end":{"line":42,"column":3}}],"line":35},"4":{"loc":{"start":{"line":38,"column":33},"end":{"line":38,"column":47}},"type":"binary-expr","locations":[{"start":{"line":38,"column":33},"end":{"line":38,"column":39}},{"start":{"line":38,"column":43},"end":{"line":38,"column":47}}],"line":38}},"s":{"0":2,"1":2,"2":2,"3":2,"4":2,"5":2,"6":2,"7":2,"8":2,"9":0,"10":0,"11":0,"12":0,"13":0,"14":0,"15":0,"16":0,"17":0,"18":0,"19":0,"20":0,"21":0,"22":0,"23":0,"24":0,"25":2,"26":2,"27":2,"28":2},"f":{"0":0,"1":0,"2":0},"b":{"0":[0,0],"1":[0,0],"2":[0,0,0],"3":[0,0],"4":[0,0]},"meta":{"lastBranch":5,"lastFunction":3,"lastStatement":29,"seen":{"s:1:14:1:32":0,"s:2:13:2:29":1,"s:3:63:3:104":2,"s:4:32:4:68":3,"s:5:20:5:54":4,"s:6:17:6:48":5,"s:7:23:7:57":6,"s:9:0:9:30":7,"s:11:0:31:2":8,"f:16:2:16:7":0,"s:17:4:29:25":9,"b:18:6:20:7:undefined:undefined:undefined:undefined":0,"s:18:6:20:7":10,"s:19:6:19:40":11,"s:22:14:22:36":12,"b:23:6:26:7:undefined:undefined:undefined:undefined":1,"s:23:6:26:7":13,"s:24:21:24:76":14,"s:25:8:25:42":15,"b:25:16:25:22:25:24:25:34:25:37:25:41":2,"s:27:19:27:70":16,"s:28:6:28:21":17,"s:29:15:29:23":18,"f:34:9:34:27":1,"b:35:2:42:3:40:7:42:3":3,"s:35:2:42:3":19,"s:36:4:36:33":20,"s:37:4:39:19":21,"f:38:12:38:13":2,"s:38:17:38:48":22,"b:38:33:38:39:38:43:38:47":4,"s:38:49:38:56":23,"s:41:4:41:11":24,"s:45:0:51:1":25,"s:53:0:59:1":26,"s:61:0:67:1":27,"s:71:0:71:24":28}}}
,"C:\\Users\\child\\Projects\\my-BuddyCart\\BuddyCart\\server\\routes\\roleRequests.routes.js": {"path":"C:\\Users\\child\\Projects\\my-BuddyCart\\BuddyCart\\server\\routes\\roleRequests.routes.js","statementMap":{"0":{"start":{"line":2,"column":16},"end":{"line":2,"column":34}},"1":{"start":{"line":3,"column":15},"end":{"line":3,"column":31}},"2":{"start":{"line":10,"column":4},"end":{"line":10,"column":53}},"3":{"start":{"line":13,"column":24},"end":{"line":13,"column":60}},"4":{"start":{"line":14,"column":24},"end":{"line":14,"column":60}},"5":{"start":{"line":17,"column":0},"end":{"line":17,"column":69}},"6":{"start":{"line":20,"column":0},"end":{"line":20,"column":69}},"7":{"start":{"line":21,"column":0},"end":{"line":21,"column":83}},"8":{"start":{"line":22,"column":0},"end":{"line":22,"column":81}},"9":{"start":{"line":24,"column":0},"end":{"line":24,"column":24}}},"fnMap":{},"branchMap":{},"s":{"0":2,"1":2,"2":2,"3":2,"4":2,"5":2,"6":2,"7":2,"8":2,"9":2},"f":{},"b":{},"meta":{"lastBranch":0,"lastFunction":0,"lastStatement":10,"seen":{"s:2:16:2:34":0,"s:3:15:3:31":1,"s:10:4:10:53":2,"s:13:24:13:60":3,"s:14:24:14:60":4,"s:17:0:17:69":5,"s:20:0:20:69":6,"s:21:0:21:83":7,"s:22:0:22:81":8,"s:24:0:24:24":9}}}
,"C:\\Users\\child\\Projects\\my-BuddyCart\\BuddyCart\\server\\routes\\shops.routes.js": {"path":"C:\\Users\\child\\Projects\\my-BuddyCart\\BuddyCart\\server\\routes\\shops.routes.js","statementMap":{"0":{"start":{"line":1,"column":16},"end":{"line":1,"column":43}},"1":{"start":{"line":2,"column":38},"end":{"line":2,"column":74}},"2":{"start":{"line":3,"column":11},"end":{"line":3,"column":52}},"3":{"start":{"line":6,"column":1},"end":{"line":6,"column":71}},"4":{"start":{"line":7,"column":1},"end":{"line":7,"column":68}},"5":{"start":{"line":8,"column":1},"end":{"line":8,"column":72}},"6":{"start":{"line":11,"column":1},"end":{"line":11,"column":69}},"7":{"start":{"line":12,"column":1},"end":{"line":12,"column":77}},"8":{"start":{"line":14,"column":1},"end":{"line":14,"column":25}}},"fnMap":{},"branchMap":{},"s":{"0":2,"1":2,"2":2,"3":2,"4":2,"5":2,"6":2,"7":2,"8":2},"f":{},"b":{},"meta":{"lastBranch":0,"lastFunction":0,"lastStatement":9,"seen":{"s:1:16:1:43":0,"s:2:38:2:74":1,"s:3:11:3:52":2,"s:6:1:6:71":3,"s:7:1:7:68":4,"s:8:1:8:72":5,"s:11:1:11:69":6,"s:12:1:12:77":7,"s:14:1:14:25":8}}}
,"C:\\Users\\child\\Projects\\my-BuddyCart\\BuddyCart\\server\\routes\\vendor.routes.js": {"path":"C:\\Users\\child\\Projects\\my-BuddyCart\\BuddyCart\\server\\routes\\vendor.routes.js","statementMap":{"0":{"start":{"line":1,"column":15},"end":{"line":1,"column":42}},"1":{"start":{"line":2,"column":37},"end":{"line":2,"column":73}},"2":{"start":{"line":3,"column":20},"end":{"line":3,"column":54}},"3":{"start":{"line":6,"column":0},"end":{"line":21,"column":3}},"4":{"start":{"line":7,"column":2},"end":{"line":20,"column":3}},"5":{"start":{"line":8,"column":19},"end":{"line":8,"column":30}},"6":{"start":{"line":9,"column":21},"end":{"line":11,"column":60}},"7":{"start":{"line":13,"column":4},"end":{"line":16,"column":7}},"8":{"start":{"line":18,"column":4},"end":{"line":18,"column":45}},"9":{"start":{"line":19,"column":4},"end":{"line":19,"column":14}},"10":{"start":{"line":24,"column":0},"end":{"line":48,"column":3}},"11":{"start":{"line":25,"column":2},"end":{"line":47,"column":3}},"12":{"start":{"line":26,"column":19},"end":{"line":26,"column":30}},"13":{"start":{"line":27,"column":70},"end":{"line":27,"column":78}},"14":{"start":{"line":29,"column":4},"end":{"line":31,"column":5}},"15":{"start":{"line":30,"column":6},"end":{"line":30,"column":80}},"16":{"start":{"line":33,"column":23},"end":{"line":41,"column":6}},"17":{"start":{"line":43,"column":4},"end":{"line":43,"column":78}},"18":{"start":{"line":45,"column":4},"end":{"line":45,"column":57}},"19":{"start":{"line":46,"column":4},"end":{"line":46,"column":14}},"20":{"start":{"line":51,"column":0},"end":{"line":64,"column":3}},"21":{"start":{"line":52,"column":2},"end":{"line":63,"column":3}},"22":{"start":{"line":53,"column":19},"end":{"line":53,"column":30}},"23":{"start":{"line":54,"column":19},"end":{"line":54,"column":29}},"24":{"start":{"line":55,"column":20},"end":{"line":55,"column":78}},"25":{"start":{"line":56,"column":4},"end":{"line":58,"column":5}},"26":{"start":{"line":57,"column":6},"end":{"line":57,"column":82}},"27":{"start":{"line":59,"column":4},"end":{"line":59,"column":62}},"28":{"start":{"line":61,"column":4},"end":{"line":61,"column":57}},"29":{"start":{"line":62,"column":4},"end":{"line":62,"column":14}},"30":{"start":{"line":66,"column":0},"end":{"line":66,"column":24}}},"fnMap":{"0":{"name":"(anonymous_0)","decl":{"start":{"line":6,"column":59},"end":{"line":6,"column":64}},"loc":{"start":{"line":6,"column":85},"end":{"line":21,"column":1}},"line":6},"1":{"name":"(anonymous_1)","decl":{"start":{"line":24,"column":60},"end":{"line":24,"column":65}},"loc":{"start":{"line":24,"column":86},"end":{"line":48,"column":1}},"line":24},"2":{"name":"(anonymous_2)","decl":{"start":{"line":51,"column":66},"end":{"line":51,"column":71}},"loc":{"start":{"line":51,"column":92},"end":{"line":64,"column":1}},"line":51}},"branchMap":{"0":{"loc":{"start":{"line":29,"column":4},"end":{"line":31,"column":5}},"type":"if","locations":[{"start":{"line":29,"column":4},"end":{"line":31,"column":5}},{"start":{},"end":{}}],"line":29},"1":{"loc":{"start":{"line":29,"column":8},"end":{"line":29,"column":24}},"type":"binary-expr","locations":[{"start":{"line":29,"column":8},"end":{"line":29,"column":14}},{"start":{"line":29,"column":18},"end":{"line":29,"column":24}}],"line":29},"2":{"loc":{"start":{"line":56,"column":4},"end":{"line":58,"column":5}},"type":"if","locations":[{"start":{"line":56,"column":4},"end":{"line":58,"column":5}},{"start":{},"end":{}}],"line":56}},"s":{"0":2,"1":2,"2":2,"3":2,"4":0,"5":0,"6":0,"7":0,"8":0,"9":0,"10":2,"11":0,"12":0,"13":0,"14":0,"15":0,"16":0,"17":0,"18":0,"19":0,"20":2,"21":0,"22":0,"23":0,"24":0,"25":0,"26":0,"27":0,"28":0,"29":0,"30":2},"f":{"0":0,"1":0,"2":0},"b":{"0":[0,0],"1":[0,0],"2":[0,0]},"meta":{"lastBranch":3,"lastFunction":3,"lastStatement":31,"seen":{"s:1:15:1:42":0,"s:2:37:2:73":1,"s:3:20:3:54":2,"s:6:0:21:3":3,"f:6:59:6:64":0,"s:7:2:20:3":4,"s:8:19:8:30":5,"s:9:21:11:60":6,"s:13:4:16:7":7,"s:18:4:18:45":8,"s:19:4:19:14":9,"s:24:0:48:3":10,"f:24:60:24:65":1,"s:25:2:47:3":11,"s:26:19:26:30":12,"s:27:70:27:78":13,"b:29:4:31:5:undefined:undefined:undefined:undefined":0,"s:29:4:31:5":14,"b:29:8:29:14:29:18:29:24":1,"s:30:6:30:80":15,"s:33:23:41:6":16,"s:43:4:43:78":17,"s:45:4:45:57":18,"s:46:4:46:14":19,"s:51:0:64:3":20,"f:51:66:51:71":2,"s:52:2:63:3":21,"s:53:19:53:30":22,"s:54:19:54:29":23,"s:55:20:55:78":24,"b:56:4:58:5:undefined:undefined:undefined:undefined":2,"s:56:4:58:5":25,"s:57:6:57:82":26,"s:59:4:59:62":27,"s:61:4:61:57":28,"s:62:4:62:14":29,"s:66:0:66:24":30}}}
}
